2020-05-16 21:17:32,494 INFO 17365 [egg-schedule]: register schedule /root/design-platform/node_modules/egg-multipart/app/schedule/clean_tmpdir.js
2020-05-16 21:17:32,494 INFO 17365 [egg-schedule]: register schedule /root/design-platform/node_modules/egg-logrotator/app/schedule/clean_log.js
2020-05-16 21:17:32,494 INFO 17365 [egg-schedule]: register schedule /root/design-platform/node_modules/egg-logrotator/app/schedule/rotate_by_file.js
2020-05-16 21:17:32,603 INFO 17354 [Timer] /root/design-platform/node_modules/egg-multipart/app/schedule/clean_tmpdir.js next time will execute after 25947400ms at 2020-05-17 04:30:00.003
2020-05-16 21:17:32,604 INFO 17354 [Timer] /root/design-platform/node_modules/egg-logrotator/app/schedule/clean_log.js next time will execute after 9747397ms at 2020-05-17 00:00:00.001
2020-05-16 21:17:32,604 INFO 17354 [Timer] /root/design-platform/node_modules/egg-logrotator/app/schedule/rotate_by_file.js next time will execute after 9748396ms at 2020-05-17 00:00:01.000
2020-05-16 21:17:39,885 INFO 17376 [egg-schedule]: register schedule /root/design-platform/node_modules/egg-multipart/app/schedule/clean_tmpdir.js
2020-05-16 21:17:39,885 INFO 17376 [egg-schedule]: register schedule /root/design-platform/node_modules/egg-logrotator/app/schedule/clean_log.js
2020-05-16 21:17:39,885 INFO 17376 [egg-schedule]: register schedule /root/design-platform/node_modules/egg-logrotator/app/schedule/rotate_by_file.js
2020-05-16 21:17:40,924 INFO 17387 [egg-schedule]: register schedule /root/design-platform/node_modules/egg-multipart/app/schedule/clean_tmpdir.js
2020-05-16 21:17:40,925 INFO 17387 [egg-schedule]: register schedule /root/design-platform/node_modules/egg-logrotator/app/schedule/clean_log.js
2020-05-16 21:17:40,925 INFO 17387 [egg-schedule]: register schedule /root/design-platform/node_modules/egg-logrotator/app/schedule/rotate_by_file.js
2020-05-16 21:18:44,511 INFO 17428 [Timer] /root/design-platform/node_modules/egg-multipart/app/schedule/clean_tmpdir.js next time will execute after 25875492ms at 2020-05-17 04:30:00.003
2020-05-16 21:18:44,511 INFO 17428 [Timer] /root/design-platform/node_modules/egg-logrotator/app/schedule/clean_log.js next time will execute after 9675489ms at 2020-05-17 00:00:00.000
2020-05-16 21:18:44,511 INFO 17428 [Timer] /root/design-platform/node_modules/egg-logrotator/app/schedule/rotate_by_file.js next time will execute after 9676489ms at 2020-05-17 00:00:01.000
2020-05-16 21:18:44,410 INFO 17439 [egg-schedule]: register schedule /root/design-platform/node_modules/egg-multipart/app/schedule/clean_tmpdir.js
2020-05-16 21:18:44,410 INFO 17439 [egg-schedule]: register schedule /root/design-platform/node_modules/egg-logrotator/app/schedule/clean_log.js
2020-05-16 21:18:44,410 INFO 17439 [egg-schedule]: register schedule /root/design-platform/node_modules/egg-logrotator/app/schedule/rotate_by_file.js
2020-05-16 21:26:41,407 INFO 17508 [Timer] /root/design-platform/node_modules/egg-multipart/app/schedule/clean_tmpdir.js next time will execute after 25398598ms at 2020-05-17 04:30:00.005
2020-05-16 21:26:41,407 INFO 17508 [Timer] /root/design-platform/node_modules/egg-logrotator/app/schedule/clean_log.js next time will execute after 9198593ms at 2020-05-17 00:00:00.000
2020-05-16 21:26:41,407 INFO 17508 [Timer] /root/design-platform/node_modules/egg-logrotator/app/schedule/rotate_by_file.js next time will execute after 9199593ms at 2020-05-17 00:00:01.000
2020-05-16 21:26:41,305 INFO 17523 [egg-schedule]: register schedule /root/design-platform/node_modules/egg-multipart/app/schedule/clean_tmpdir.js
2020-05-16 21:26:41,305 INFO 17523 [egg-schedule]: register schedule /root/design-platform/node_modules/egg-logrotator/app/schedule/clean_log.js
2020-05-16 21:26:41,305 INFO 17523 [egg-schedule]: register schedule /root/design-platform/node_modules/egg-logrotator/app/schedule/rotate_by_file.js
2020-05-16 21:30:35,117 INFO 17594 [Timer] /root/design-platform/node_modules/egg-multipart/app/schedule/clean_tmpdir.js next time will execute after 25164889ms at 2020-05-17 04:30:00.006
2020-05-16 21:30:35,117 INFO 17594 [Timer] /root/design-platform/node_modules/egg-logrotator/app/schedule/clean_log.js next time will execute after 8964883ms at 2020-05-17 00:00:00.000
2020-05-16 21:30:35,117 INFO 17594 [Timer] /root/design-platform/node_modules/egg-logrotator/app/schedule/rotate_by_file.js next time will execute after 8965883ms at 2020-05-17 00:00:01.000
2020-05-16 21:30:35,011 INFO 17605 [egg-schedule]: register schedule /root/design-platform/node_modules/egg-multipart/app/schedule/clean_tmpdir.js
2020-05-16 21:30:35,011 INFO 17605 [egg-schedule]: register schedule /root/design-platform/node_modules/egg-logrotator/app/schedule/clean_log.js
2020-05-16 21:30:35,011 INFO 17605 [egg-schedule]: register schedule /root/design-platform/node_modules/egg-logrotator/app/schedule/rotate_by_file.js
2020-05-16 21:32:24,054 INFO 17616 [egg-schedule]: register schedule /root/design-platform/node_modules/egg-multipart/app/schedule/clean_tmpdir.js
2020-05-16 21:32:24,054 INFO 17616 [egg-schedule]: register schedule /root/design-platform/node_modules/egg-logrotator/app/schedule/clean_log.js
2020-05-16 21:32:24,054 INFO 17616 [egg-schedule]: register schedule /root/design-platform/node_modules/egg-logrotator/app/schedule/rotate_by_file.js
2020-05-16 21:32:25,800 INFO 17627 [egg-schedule]: register schedule /root/design-platform/node_modules/egg-multipart/app/schedule/clean_tmpdir.js
2020-05-16 21:32:25,800 INFO 17627 [egg-schedule]: register schedule /root/design-platform/node_modules/egg-logrotator/app/schedule/clean_log.js
2020-05-16 21:32:25,800 INFO 17627 [egg-schedule]: register schedule /root/design-platform/node_modules/egg-logrotator/app/schedule/rotate_by_file.js
2020-05-16 21:32:27,181 INFO 17638 [egg-schedule]: register schedule /root/design-platform/node_modules/egg-multipart/app/schedule/clean_tmpdir.js
2020-05-16 21:32:27,181 INFO 17638 [egg-schedule]: register schedule /root/design-platform/node_modules/egg-logrotator/app/schedule/clean_log.js
2020-05-16 21:32:27,181 INFO 17638 [egg-schedule]: register schedule /root/design-platform/node_modules/egg-logrotator/app/schedule/rotate_by_file.js
2020-05-16 21:32:38,126 INFO 17649 [egg-schedule]: register schedule /root/design-platform/node_modules/egg-multipart/app/schedule/clean_tmpdir.js
2020-05-16 21:32:38,126 INFO 17649 [egg-schedule]: register schedule /root/design-platform/node_modules/egg-logrotator/app/schedule/clean_log.js
2020-05-16 21:32:38,126 INFO 17649 [egg-schedule]: register schedule /root/design-platform/node_modules/egg-logrotator/app/schedule/rotate_by_file.js
2020-05-16 21:32:41,617 INFO 17660 [egg-schedule]: register schedule /root/design-platform/node_modules/egg-multipart/app/schedule/clean_tmpdir.js
2020-05-16 21:32:41,617 INFO 17660 [egg-schedule]: register schedule /root/design-platform/node_modules/egg-logrotator/app/schedule/clean_log.js
2020-05-16 21:32:41,617 INFO 17660 [egg-schedule]: register schedule /root/design-platform/node_modules/egg-logrotator/app/schedule/rotate_by_file.js
2020-05-16 21:32:47,951 INFO 17671 [egg-schedule]: register schedule /root/design-platform/node_modules/egg-multipart/app/schedule/clean_tmpdir.js
2020-05-16 21:32:47,951 INFO 17671 [egg-schedule]: register schedule /root/design-platform/node_modules/egg-logrotator/app/schedule/clean_log.js
2020-05-16 21:32:47,951 INFO 17671 [egg-schedule]: register schedule /root/design-platform/node_modules/egg-logrotator/app/schedule/rotate_by_file.js
2020-05-16 21:32:50,541 INFO 17682 [egg-schedule]: register schedule /root/design-platform/node_modules/egg-multipart/app/schedule/clean_tmpdir.js
2020-05-16 21:32:50,541 INFO 17682 [egg-schedule]: register schedule /root/design-platform/node_modules/egg-logrotator/app/schedule/clean_log.js
2020-05-16 21:32:50,541 INFO 17682 [egg-schedule]: register schedule /root/design-platform/node_modules/egg-logrotator/app/schedule/rotate_by_file.js
2020-05-16 21:32:54,866 INFO 17693 [egg-schedule]: register schedule /root/design-platform/node_modules/egg-multipart/app/schedule/clean_tmpdir.js
2020-05-16 21:32:54,867 INFO 17693 [egg-schedule]: register schedule /root/design-platform/node_modules/egg-logrotator/app/schedule/clean_log.js
2020-05-16 21:32:54,867 INFO 17693 [egg-schedule]: register schedule /root/design-platform/node_modules/egg-logrotator/app/schedule/rotate_by_file.js
2020-05-16 21:32:56,539 INFO 17704 [egg-schedule]: register schedule /root/design-platform/node_modules/egg-multipart/app/schedule/clean_tmpdir.js
2020-05-16 21:32:56,539 INFO 17704 [egg-schedule]: register schedule /root/design-platform/node_modules/egg-logrotator/app/schedule/clean_log.js
2020-05-16 21:32:56,539 INFO 17704 [egg-schedule]: register schedule /root/design-platform/node_modules/egg-logrotator/app/schedule/rotate_by_file.js
2020-05-16 21:33:06,949 INFO 17726 [egg-schedule]: register schedule /root/design-platform/node_modules/egg-multipart/app/schedule/clean_tmpdir.js
2020-05-16 21:33:06,950 INFO 17726 [egg-schedule]: register schedule /root/design-platform/node_modules/egg-logrotator/app/schedule/clean_log.js
2020-05-16 21:33:06,950 INFO 17726 [egg-schedule]: register schedule /root/design-platform/node_modules/egg-logrotator/app/schedule/rotate_by_file.js
2020-05-16 21:33:08,175 INFO 17737 [egg-schedule]: register schedule /root/design-platform/node_modules/egg-multipart/app/schedule/clean_tmpdir.js
2020-05-16 21:33:08,175 INFO 17737 [egg-schedule]: register schedule /root/design-platform/node_modules/egg-logrotator/app/schedule/clean_log.js
2020-05-16 21:33:08,175 INFO 17737 [egg-schedule]: register schedule /root/design-platform/node_modules/egg-logrotator/app/schedule/rotate_by_file.js
2020-05-16 21:33:13,789 INFO 17748 [egg-schedule]: register schedule /root/design-platform/node_modules/egg-multipart/app/schedule/clean_tmpdir.js
2020-05-16 21:33:13,789 INFO 17748 [egg-schedule]: register schedule /root/design-platform/node_modules/egg-logrotator/app/schedule/clean_log.js
2020-05-16 21:33:13,789 INFO 17748 [egg-schedule]: register schedule /root/design-platform/node_modules/egg-logrotator/app/schedule/rotate_by_file.js
2020-05-16 21:33:15,111 INFO 17759 [egg-schedule]: register schedule /root/design-platform/node_modules/egg-multipart/app/schedule/clean_tmpdir.js
2020-05-16 21:33:15,111 INFO 17759 [egg-schedule]: register schedule /root/design-platform/node_modules/egg-logrotator/app/schedule/clean_log.js
2020-05-16 21:33:15,111 INFO 17759 [egg-schedule]: register schedule /root/design-platform/node_modules/egg-logrotator/app/schedule/rotate_by_file.js
2020-05-16 21:33:16,624 INFO 17770 [egg-schedule]: register schedule /root/design-platform/node_modules/egg-multipart/app/schedule/clean_tmpdir.js
2020-05-16 21:33:16,624 INFO 17770 [egg-schedule]: register schedule /root/design-platform/node_modules/egg-logrotator/app/schedule/clean_log.js
2020-05-16 21:33:16,624 INFO 17770 [egg-schedule]: register schedule /root/design-platform/node_modules/egg-logrotator/app/schedule/rotate_by_file.js
2020-05-16 21:33:18,246 INFO 17781 [egg-schedule]: register schedule /root/design-platform/node_modules/egg-multipart/app/schedule/clean_tmpdir.js
2020-05-16 21:33:18,246 INFO 17781 [egg-schedule]: register schedule /root/design-platform/node_modules/egg-logrotator/app/schedule/clean_log.js
2020-05-16 21:33:18,246 INFO 17781 [egg-schedule]: register schedule /root/design-platform/node_modules/egg-logrotator/app/schedule/rotate_by_file.js
2020-05-16 21:33:21,004 INFO 17792 [egg-schedule]: register schedule /root/design-platform/node_modules/egg-multipart/app/schedule/clean_tmpdir.js
2020-05-16 21:33:21,004 INFO 17792 [egg-schedule]: register schedule /root/design-platform/node_modules/egg-logrotator/app/schedule/clean_log.js
2020-05-16 21:33:21,004 INFO 17792 [egg-schedule]: register schedule /root/design-platform/node_modules/egg-logrotator/app/schedule/rotate_by_file.js
2020-05-16 21:33:32,084 INFO 17803 [egg-schedule]: register schedule /root/design-platform/node_modules/egg-multipart/app/schedule/clean_tmpdir.js
2020-05-16 21:33:32,084 INFO 17803 [egg-schedule]: register schedule /root/design-platform/node_modules/egg-logrotator/app/schedule/clean_log.js
2020-05-16 21:33:32,084 INFO 17803 [egg-schedule]: register schedule /root/design-platform/node_modules/egg-logrotator/app/schedule/rotate_by_file.js
2020-05-16 21:33:32,788 INFO 17814 [egg-schedule]: register schedule /root/design-platform/node_modules/egg-multipart/app/schedule/clean_tmpdir.js
2020-05-16 21:33:32,788 INFO 17814 [egg-schedule]: register schedule /root/design-platform/node_modules/egg-logrotator/app/schedule/clean_log.js
2020-05-16 21:33:32,788 INFO 17814 [egg-schedule]: register schedule /root/design-platform/node_modules/egg-logrotator/app/schedule/rotate_by_file.js
2020-05-16 21:33:58,014 INFO 17847 [egg-schedule]: register schedule /root/design-platform/node_modules/egg-multipart/app/schedule/clean_tmpdir.js
2020-05-16 21:33:58,014 INFO 17847 [egg-schedule]: register schedule /root/design-platform/node_modules/egg-logrotator/app/schedule/clean_log.js
2020-05-16 21:33:58,015 INFO 17847 [egg-schedule]: register schedule /root/design-platform/node_modules/egg-logrotator/app/schedule/rotate_by_file.js
2020-05-16 21:33:58,744 INFO 17858 [egg-schedule]: register schedule /root/design-platform/node_modules/egg-multipart/app/schedule/clean_tmpdir.js
2020-05-16 21:33:58,744 INFO 17858 [egg-schedule]: register schedule /root/design-platform/node_modules/egg-logrotator/app/schedule/clean_log.js
2020-05-16 21:33:58,744 INFO 17858 [egg-schedule]: register schedule /root/design-platform/node_modules/egg-logrotator/app/schedule/rotate_by_file.js
2020-05-16 21:34:06,187 INFO 17895 [Timer] /root/design-platform/node_modules/egg-multipart/app/schedule/clean_tmpdir.js next time will execute after 24953816ms at 2020-05-17 04:30:00.003
2020-05-16 21:34:06,187 INFO 17895 [Timer] /root/design-platform/node_modules/egg-logrotator/app/schedule/clean_log.js next time will execute after 8753813ms at 2020-05-17 00:00:00.000
2020-05-16 21:34:06,187 INFO 17895 [Timer] /root/design-platform/node_modules/egg-logrotator/app/schedule/rotate_by_file.js next time will execute after 8754813ms at 2020-05-17 00:00:01.000
2020-05-16 21:34:06,083 INFO 17906 [egg-schedule]: register schedule /root/design-platform/node_modules/egg-multipart/app/schedule/clean_tmpdir.js
2020-05-16 21:34:06,083 INFO 17906 [egg-schedule]: register schedule /root/design-platform/node_modules/egg-logrotator/app/schedule/clean_log.js
2020-05-16 21:34:06,083 INFO 17906 [egg-schedule]: register schedule /root/design-platform/node_modules/egg-logrotator/app/schedule/rotate_by_file.js
2020-05-16 21:34:44,164 INFO 17943 [Timer] /root/design-platform/node_modules/egg-multipart/app/schedule/clean_tmpdir.js next time will execute after 24915839ms at 2020-05-17 04:30:00.003
2020-05-16 21:34:44,164 INFO 17943 [Timer] /root/design-platform/node_modules/egg-logrotator/app/schedule/clean_log.js next time will execute after 8715836ms at 2020-05-17 00:00:00.000
2020-05-16 21:34:44,164 INFO 17943 [Timer] /root/design-platform/node_modules/egg-logrotator/app/schedule/rotate_by_file.js next time will execute after 8716836ms at 2020-05-17 00:00:01.000
2020-05-16 21:34:44,079 INFO 17954 [egg-schedule]: register schedule /root/design-platform/node_modules/egg-multipart/app/schedule/clean_tmpdir.js
2020-05-16 21:34:44,079 INFO 17954 [egg-schedule]: register schedule /root/design-platform/node_modules/egg-logrotator/app/schedule/clean_log.js
2020-05-16 21:34:44,079 INFO 17954 [egg-schedule]: register schedule /root/design-platform/node_modules/egg-logrotator/app/schedule/rotate_by_file.js
2020-05-16 21:36:20,225 INFO 17976 [egg-schedule]: register schedule /root/design-platform/node_modules/egg-multipart/app/schedule/clean_tmpdir.js
2020-05-16 21:36:20,225 INFO 17976 [egg-schedule]: register schedule /root/design-platform/node_modules/egg-logrotator/app/schedule/clean_log.js
2020-05-16 21:36:20,225 INFO 17976 [egg-schedule]: register schedule /root/design-platform/node_modules/egg-logrotator/app/schedule/rotate_by_file.js
2020-05-16 21:36:21,614 INFO 17987 [egg-schedule]: register schedule /root/design-platform/node_modules/egg-multipart/app/schedule/clean_tmpdir.js
2020-05-16 21:36:21,614 INFO 17987 [egg-schedule]: register schedule /root/design-platform/node_modules/egg-logrotator/app/schedule/clean_log.js
2020-05-16 21:36:21,614 INFO 17987 [egg-schedule]: register schedule /root/design-platform/node_modules/egg-logrotator/app/schedule/rotate_by_file.js
2020-05-16 21:36:34,266 INFO 18009 [egg-schedule]: register schedule /root/design-platform/node_modules/egg-multipart/app/schedule/clean_tmpdir.js
2020-05-16 21:36:34,266 INFO 18009 [egg-schedule]: register schedule /root/design-platform/node_modules/egg-logrotator/app/schedule/clean_log.js
2020-05-16 21:36:34,266 INFO 18009 [egg-schedule]: register schedule /root/design-platform/node_modules/egg-logrotator/app/schedule/rotate_by_file.js
2020-05-16 21:36:39,770 INFO 18020 [egg-schedule]: register schedule /root/design-platform/node_modules/egg-multipart/app/schedule/clean_tmpdir.js
2020-05-16 21:36:39,770 INFO 18020 [egg-schedule]: register schedule /root/design-platform/node_modules/egg-logrotator/app/schedule/clean_log.js
2020-05-16 21:36:39,770 INFO 18020 [egg-schedule]: register schedule /root/design-platform/node_modules/egg-logrotator/app/schedule/rotate_by_file.js
2020-05-16 21:36:43,897 INFO 18031 [egg-schedule]: register schedule /root/design-platform/node_modules/egg-multipart/app/schedule/clean_tmpdir.js
2020-05-16 21:36:43,897 INFO 18031 [egg-schedule]: register schedule /root/design-platform/node_modules/egg-logrotator/app/schedule/clean_log.js
2020-05-16 21:36:43,897 INFO 18031 [egg-schedule]: register schedule /root/design-platform/node_modules/egg-logrotator/app/schedule/rotate_by_file.js
2020-05-16 21:36:44,631 INFO 18042 [egg-schedule]: register schedule /root/design-platform/node_modules/egg-multipart/app/schedule/clean_tmpdir.js
2020-05-16 21:36:44,631 INFO 18042 [egg-schedule]: register schedule /root/design-platform/node_modules/egg-logrotator/app/schedule/clean_log.js
2020-05-16 21:36:44,631 INFO 18042 [egg-schedule]: register schedule /root/design-platform/node_modules/egg-logrotator/app/schedule/rotate_by_file.js
2020-05-16 21:36:56,651 INFO 18064 [egg-schedule]: register schedule /root/design-platform/node_modules/egg-multipart/app/schedule/clean_tmpdir.js
2020-05-16 21:36:56,651 INFO 18064 [egg-schedule]: register schedule /root/design-platform/node_modules/egg-logrotator/app/schedule/clean_log.js
2020-05-16 21:36:56,651 INFO 18064 [egg-schedule]: register schedule /root/design-platform/node_modules/egg-logrotator/app/schedule/rotate_by_file.js
2020-05-16 21:37:02,638 INFO 18076 [egg-schedule]: register schedule /root/design-platform/node_modules/egg-multipart/app/schedule/clean_tmpdir.js
2020-05-16 21:37:02,638 INFO 18076 [egg-schedule]: register schedule /root/design-platform/node_modules/egg-logrotator/app/schedule/clean_log.js
2020-05-16 21:37:02,639 INFO 18076 [egg-schedule]: register schedule /root/design-platform/node_modules/egg-logrotator/app/schedule/rotate_by_file.js
2020-05-16 21:37:03,693 INFO 18087 [egg-schedule]: register schedule /root/design-platform/node_modules/egg-multipart/app/schedule/clean_tmpdir.js
2020-05-16 21:37:03,693 INFO 18087 [egg-schedule]: register schedule /root/design-platform/node_modules/egg-logrotator/app/schedule/clean_log.js
2020-05-16 21:37:03,693 INFO 18087 [egg-schedule]: register schedule /root/design-platform/node_modules/egg-logrotator/app/schedule/rotate_by_file.js
2020-05-16 21:37:28,609 INFO 18153 [egg-schedule]: register schedule /root/design-platform/node_modules/egg-multipart/app/schedule/clean_tmpdir.js
2020-05-16 21:37:28,609 INFO 18153 [egg-schedule]: register schedule /root/design-platform/node_modules/egg-logrotator/app/schedule/clean_log.js
2020-05-16 21:37:28,609 INFO 18153 [egg-schedule]: register schedule /root/design-platform/node_modules/egg-logrotator/app/schedule/rotate_by_file.js
2020-05-16 21:37:31,769 INFO 18164 [egg-schedule]: register schedule /root/design-platform/node_modules/egg-multipart/app/schedule/clean_tmpdir.js
2020-05-16 21:37:31,769 INFO 18164 [egg-schedule]: register schedule /root/design-platform/node_modules/egg-logrotator/app/schedule/clean_log.js
2020-05-16 21:37:31,769 INFO 18164 [egg-schedule]: register schedule /root/design-platform/node_modules/egg-logrotator/app/schedule/rotate_by_file.js
2020-05-16 21:37:36,417 INFO 18186 [egg-schedule]: register schedule /root/design-platform/node_modules/egg-multipart/app/schedule/clean_tmpdir.js
2020-05-16 21:37:36,417 INFO 18186 [egg-schedule]: register schedule /root/design-platform/node_modules/egg-logrotator/app/schedule/clean_log.js
2020-05-16 21:37:36,417 INFO 18186 [egg-schedule]: register schedule /root/design-platform/node_modules/egg-logrotator/app/schedule/rotate_by_file.js
2020-05-16 21:37:39,310 INFO 18197 [egg-schedule]: register schedule /root/design-platform/node_modules/egg-multipart/app/schedule/clean_tmpdir.js
2020-05-16 21:37:39,310 INFO 18197 [egg-schedule]: register schedule /root/design-platform/node_modules/egg-logrotator/app/schedule/clean_log.js
2020-05-16 21:37:39,310 INFO 18197 [egg-schedule]: register schedule /root/design-platform/node_modules/egg-logrotator/app/schedule/rotate_by_file.js
2020-05-16 21:37:43,986 INFO 18208 [egg-schedule]: register schedule /root/design-platform/node_modules/egg-multipart/app/schedule/clean_tmpdir.js
2020-05-16 21:37:43,986 INFO 18208 [egg-schedule]: register schedule /root/design-platform/node_modules/egg-logrotator/app/schedule/clean_log.js
2020-05-16 21:37:43,986 INFO 18208 [egg-schedule]: register schedule /root/design-platform/node_modules/egg-logrotator/app/schedule/rotate_by_file.js
2020-05-16 21:37:49,654 INFO 18219 [egg-schedule]: register schedule /root/design-platform/node_modules/egg-multipart/app/schedule/clean_tmpdir.js
2020-05-16 21:37:49,654 INFO 18219 [egg-schedule]: register schedule /root/design-platform/node_modules/egg-logrotator/app/schedule/clean_log.js
2020-05-16 21:37:49,654 INFO 18219 [egg-schedule]: register schedule /root/design-platform/node_modules/egg-logrotator/app/schedule/rotate_by_file.js
2020-05-16 21:37:52,565 INFO 18230 [egg-schedule]: register schedule /root/design-platform/node_modules/egg-multipart/app/schedule/clean_tmpdir.js
2020-05-16 21:37:52,565 INFO 18230 [egg-schedule]: register schedule /root/design-platform/node_modules/egg-logrotator/app/schedule/clean_log.js
2020-05-16 21:37:52,566 INFO 18230 [egg-schedule]: register schedule /root/design-platform/node_modules/egg-logrotator/app/schedule/rotate_by_file.js
2020-05-16 21:38:04,730 INFO 18252 [egg-schedule]: register schedule /root/design-platform/node_modules/egg-multipart/app/schedule/clean_tmpdir.js
2020-05-16 21:38:04,731 INFO 18252 [egg-schedule]: register schedule /root/design-platform/node_modules/egg-logrotator/app/schedule/clean_log.js
2020-05-16 21:38:04,731 INFO 18252 [egg-schedule]: register schedule /root/design-platform/node_modules/egg-logrotator/app/schedule/rotate_by_file.js
2020-05-16 21:38:09,902 INFO 18263 [egg-schedule]: register schedule /root/design-platform/node_modules/egg-multipart/app/schedule/clean_tmpdir.js
2020-05-16 21:38:09,902 INFO 18263 [egg-schedule]: register schedule /root/design-platform/node_modules/egg-logrotator/app/schedule/clean_log.js
2020-05-16 21:38:09,902 INFO 18263 [egg-schedule]: register schedule /root/design-platform/node_modules/egg-logrotator/app/schedule/rotate_by_file.js
2020-05-16 21:38:18,623 INFO 18285 [egg-schedule]: register schedule /root/design-platform/node_modules/egg-multipart/app/schedule/clean_tmpdir.js
2020-05-16 21:38:18,623 INFO 18285 [egg-schedule]: register schedule /root/design-platform/node_modules/egg-logrotator/app/schedule/clean_log.js
2020-05-16 21:38:18,623 INFO 18285 [egg-schedule]: register schedule /root/design-platform/node_modules/egg-logrotator/app/schedule/rotate_by_file.js
2020-05-16 21:38:19,884 INFO 18296 [egg-schedule]: register schedule /root/design-platform/node_modules/egg-multipart/app/schedule/clean_tmpdir.js
2020-05-16 21:38:19,884 INFO 18296 [egg-schedule]: register schedule /root/design-platform/node_modules/egg-logrotator/app/schedule/clean_log.js
2020-05-16 21:38:19,884 INFO 18296 [egg-schedule]: register schedule /root/design-platform/node_modules/egg-logrotator/app/schedule/rotate_by_file.js
2020-05-16 21:38:37,127 INFO 18307 [egg-schedule]: register schedule /root/design-platform/node_modules/egg-multipart/app/schedule/clean_tmpdir.js
2020-05-16 21:38:37,127 INFO 18307 [egg-schedule]: register schedule /root/design-platform/node_modules/egg-logrotator/app/schedule/clean_log.js
2020-05-16 21:38:37,127 INFO 18307 [egg-schedule]: register schedule /root/design-platform/node_modules/egg-logrotator/app/schedule/rotate_by_file.js
2020-05-16 21:38:41,196 INFO 18318 [egg-schedule]: register schedule /root/design-platform/node_modules/egg-multipart/app/schedule/clean_tmpdir.js
2020-05-16 21:38:41,196 INFO 18318 [egg-schedule]: register schedule /root/design-platform/node_modules/egg-logrotator/app/schedule/clean_log.js
2020-05-16 21:38:41,196 INFO 18318 [egg-schedule]: register schedule /root/design-platform/node_modules/egg-logrotator/app/schedule/rotate_by_file.js
2020-05-16 21:38:52,388 INFO 18351 [egg-schedule]: register schedule /root/design-platform/node_modules/egg-multipart/app/schedule/clean_tmpdir.js
2020-05-16 21:38:52,388 INFO 18351 [egg-schedule]: register schedule /root/design-platform/node_modules/egg-logrotator/app/schedule/clean_log.js
2020-05-16 21:38:52,388 INFO 18351 [egg-schedule]: register schedule /root/design-platform/node_modules/egg-logrotator/app/schedule/rotate_by_file.js
2020-05-16 21:38:53,228 INFO 18362 [egg-schedule]: register schedule /root/design-platform/node_modules/egg-multipart/app/schedule/clean_tmpdir.js
2020-05-16 21:38:53,228 INFO 18362 [egg-schedule]: register schedule /root/design-platform/node_modules/egg-logrotator/app/schedule/clean_log.js
2020-05-16 21:38:53,228 INFO 18362 [egg-schedule]: register schedule /root/design-platform/node_modules/egg-logrotator/app/schedule/rotate_by_file.js
2020-05-16 21:38:55,635 INFO 18373 [egg-schedule]: register schedule /root/design-platform/node_modules/egg-multipart/app/schedule/clean_tmpdir.js
2020-05-16 21:38:55,635 INFO 18373 [egg-schedule]: register schedule /root/design-platform/node_modules/egg-logrotator/app/schedule/clean_log.js
2020-05-16 21:38:55,635 INFO 18373 [egg-schedule]: register schedule /root/design-platform/node_modules/egg-logrotator/app/schedule/rotate_by_file.js
2020-05-16 21:39:26,495 INFO 18384 [egg-schedule]: register schedule /root/design-platform/node_modules/egg-multipart/app/schedule/clean_tmpdir.js
2020-05-16 21:39:26,495 INFO 18384 [egg-schedule]: register schedule /root/design-platform/node_modules/egg-logrotator/app/schedule/clean_log.js
2020-05-16 21:39:26,495 INFO 18384 [egg-schedule]: register schedule /root/design-platform/node_modules/egg-logrotator/app/schedule/rotate_by_file.js
2020-05-16 21:39:32,377 INFO 18395 [egg-schedule]: register schedule /root/design-platform/node_modules/egg-multipart/app/schedule/clean_tmpdir.js
2020-05-16 21:39:32,377 INFO 18395 [egg-schedule]: register schedule /root/design-platform/node_modules/egg-logrotator/app/schedule/clean_log.js
2020-05-16 21:39:32,377 INFO 18395 [egg-schedule]: register schedule /root/design-platform/node_modules/egg-logrotator/app/schedule/rotate_by_file.js
2020-05-16 21:39:33,289 INFO 18406 [egg-schedule]: register schedule /root/design-platform/node_modules/egg-multipart/app/schedule/clean_tmpdir.js
2020-05-16 21:39:33,289 INFO 18406 [egg-schedule]: register schedule /root/design-platform/node_modules/egg-logrotator/app/schedule/clean_log.js
2020-05-16 21:39:33,290 INFO 18406 [egg-schedule]: register schedule /root/design-platform/node_modules/egg-logrotator/app/schedule/rotate_by_file.js
2020-05-16 21:39:38,860 INFO 18417 [egg-schedule]: register schedule /root/design-platform/node_modules/egg-multipart/app/schedule/clean_tmpdir.js
2020-05-16 21:39:38,860 INFO 18417 [egg-schedule]: register schedule /root/design-platform/node_modules/egg-logrotator/app/schedule/clean_log.js
2020-05-16 21:39:38,860 INFO 18417 [egg-schedule]: register schedule /root/design-platform/node_modules/egg-logrotator/app/schedule/rotate_by_file.js
2020-05-16 21:39:46,507 INFO 18450 [egg-schedule]: register schedule /root/design-platform/node_modules/egg-multipart/app/schedule/clean_tmpdir.js
2020-05-16 21:39:46,507 INFO 18450 [egg-schedule]: register schedule /root/design-platform/node_modules/egg-logrotator/app/schedule/clean_log.js
2020-05-16 21:39:46,507 INFO 18450 [egg-schedule]: register schedule /root/design-platform/node_modules/egg-logrotator/app/schedule/rotate_by_file.js
2020-05-16 21:39:47,515 INFO 18461 [egg-schedule]: register schedule /root/design-platform/node_modules/egg-multipart/app/schedule/clean_tmpdir.js
2020-05-16 21:39:47,515 INFO 18461 [egg-schedule]: register schedule /root/design-platform/node_modules/egg-logrotator/app/schedule/clean_log.js
2020-05-16 21:39:47,515 INFO 18461 [egg-schedule]: register schedule /root/design-platform/node_modules/egg-logrotator/app/schedule/rotate_by_file.js
2020-05-16 21:39:59,749 INFO 18483 [egg-schedule]: register schedule /root/design-platform/node_modules/egg-multipart/app/schedule/clean_tmpdir.js
2020-05-16 21:39:59,749 INFO 18483 [egg-schedule]: register schedule /root/design-platform/node_modules/egg-logrotator/app/schedule/clean_log.js
2020-05-16 21:39:59,749 INFO 18483 [egg-schedule]: register schedule /root/design-platform/node_modules/egg-logrotator/app/schedule/rotate_by_file.js
2020-05-16 21:40:05,076 INFO 18499 [egg-schedule]: register schedule /root/design-platform/node_modules/egg-multipart/app/schedule/clean_tmpdir.js
2020-05-16 21:40:05,076 INFO 18499 [egg-schedule]: register schedule /root/design-platform/node_modules/egg-logrotator/app/schedule/clean_log.js
2020-05-16 21:40:05,076 INFO 18499 [egg-schedule]: register schedule /root/design-platform/node_modules/egg-logrotator/app/schedule/rotate_by_file.js
2020-05-16 21:40:05,939 INFO 18510 [egg-schedule]: register schedule /root/design-platform/node_modules/egg-multipart/app/schedule/clean_tmpdir.js
2020-05-16 21:40:05,939 INFO 18510 [egg-schedule]: register schedule /root/design-platform/node_modules/egg-logrotator/app/schedule/clean_log.js
2020-05-16 21:40:05,939 INFO 18510 [egg-schedule]: register schedule /root/design-platform/node_modules/egg-logrotator/app/schedule/rotate_by_file.js
2020-05-16 21:40:13,723 INFO 18521 [egg-schedule]: register schedule /root/design-platform/node_modules/egg-multipart/app/schedule/clean_tmpdir.js
2020-05-16 21:40:13,723 INFO 18521 [egg-schedule]: register schedule /root/design-platform/node_modules/egg-logrotator/app/schedule/clean_log.js
2020-05-16 21:40:13,723 INFO 18521 [egg-schedule]: register schedule /root/design-platform/node_modules/egg-logrotator/app/schedule/rotate_by_file.js
2020-05-16 21:40:15,894 INFO 18532 [egg-schedule]: register schedule /root/design-platform/node_modules/egg-multipart/app/schedule/clean_tmpdir.js
2020-05-16 21:40:15,895 INFO 18532 [egg-schedule]: register schedule /root/design-platform/node_modules/egg-logrotator/app/schedule/clean_log.js
2020-05-16 21:40:15,895 INFO 18532 [egg-schedule]: register schedule /root/design-platform/node_modules/egg-logrotator/app/schedule/rotate_by_file.js
2020-05-16 21:40:22,850 INFO 18554 [egg-schedule]: register schedule /root/design-platform/node_modules/egg-multipart/app/schedule/clean_tmpdir.js
2020-05-16 21:40:22,850 INFO 18554 [egg-schedule]: register schedule /root/design-platform/node_modules/egg-logrotator/app/schedule/clean_log.js
2020-05-16 21:40:22,850 INFO 18554 [egg-schedule]: register schedule /root/design-platform/node_modules/egg-logrotator/app/schedule/rotate_by_file.js
2020-05-16 21:40:49,129 INFO 18565 [egg-schedule]: register schedule /root/design-platform/node_modules/egg-multipart/app/schedule/clean_tmpdir.js
2020-05-16 21:40:49,129 INFO 18565 [egg-schedule]: register schedule /root/design-platform/node_modules/egg-logrotator/app/schedule/clean_log.js
2020-05-16 21:40:49,129 INFO 18565 [egg-schedule]: register schedule /root/design-platform/node_modules/egg-logrotator/app/schedule/rotate_by_file.js
2020-05-16 21:41:01,168 INFO 18598 [egg-schedule]: register schedule /root/design-platform/node_modules/egg-multipart/app/schedule/clean_tmpdir.js
2020-05-16 21:41:01,168 INFO 18598 [egg-schedule]: register schedule /root/design-platform/node_modules/egg-logrotator/app/schedule/clean_log.js
2020-05-16 21:41:01,168 INFO 18598 [egg-schedule]: register schedule /root/design-platform/node_modules/egg-logrotator/app/schedule/rotate_by_file.js
2020-05-16 21:41:02,907 INFO 18609 [egg-schedule]: register schedule /root/design-platform/node_modules/egg-multipart/app/schedule/clean_tmpdir.js
2020-05-16 21:41:02,907 INFO 18609 [egg-schedule]: register schedule /root/design-platform/node_modules/egg-logrotator/app/schedule/clean_log.js
2020-05-16 21:41:02,907 INFO 18609 [egg-schedule]: register schedule /root/design-platform/node_modules/egg-logrotator/app/schedule/rotate_by_file.js
2020-05-16 21:41:10,017 INFO 18642 [egg-schedule]: register schedule /root/design-platform/node_modules/egg-multipart/app/schedule/clean_tmpdir.js
2020-05-16 21:41:10,018 INFO 18642 [egg-schedule]: register schedule /root/design-platform/node_modules/egg-logrotator/app/schedule/clean_log.js
2020-05-16 21:41:10,018 INFO 18642 [egg-schedule]: register schedule /root/design-platform/node_modules/egg-logrotator/app/schedule/rotate_by_file.js
2020-05-16 21:41:20,188 INFO 18675 [egg-schedule]: register schedule /root/design-platform/node_modules/egg-multipart/app/schedule/clean_tmpdir.js
2020-05-16 21:41:20,189 INFO 18675 [egg-schedule]: register schedule /root/design-platform/node_modules/egg-logrotator/app/schedule/clean_log.js
2020-05-16 21:41:20,189 INFO 18675 [egg-schedule]: register schedule /root/design-platform/node_modules/egg-logrotator/app/schedule/rotate_by_file.js
2020-05-16 21:41:23,891 INFO 18708 [egg-schedule]: register schedule /root/design-platform/node_modules/egg-multipart/app/schedule/clean_tmpdir.js
2020-05-16 21:41:23,892 INFO 18708 [egg-schedule]: register schedule /root/design-platform/node_modules/egg-logrotator/app/schedule/clean_log.js
2020-05-16 21:41:23,892 INFO 18708 [egg-schedule]: register schedule /root/design-platform/node_modules/egg-logrotator/app/schedule/rotate_by_file.js
2020-05-16 21:41:25,329 INFO 18719 [egg-schedule]: register schedule /root/design-platform/node_modules/egg-multipart/app/schedule/clean_tmpdir.js
2020-05-16 21:41:25,329 INFO 18719 [egg-schedule]: register schedule /root/design-platform/node_modules/egg-logrotator/app/schedule/clean_log.js
2020-05-16 21:41:25,329 INFO 18719 [egg-schedule]: register schedule /root/design-platform/node_modules/egg-logrotator/app/schedule/rotate_by_file.js
2020-05-16 21:41:29,001 INFO 18730 [egg-schedule]: register schedule /root/design-platform/node_modules/egg-multipart/app/schedule/clean_tmpdir.js
2020-05-16 21:41:29,001 INFO 18730 [egg-schedule]: register schedule /root/design-platform/node_modules/egg-logrotator/app/schedule/clean_log.js
2020-05-16 21:41:29,001 INFO 18730 [egg-schedule]: register schedule /root/design-platform/node_modules/egg-logrotator/app/schedule/rotate_by_file.js
2020-05-16 21:41:36,332 INFO 18741 [egg-schedule]: register schedule /root/design-platform/node_modules/egg-multipart/app/schedule/clean_tmpdir.js
2020-05-16 21:41:36,332 INFO 18741 [egg-schedule]: register schedule /root/design-platform/node_modules/egg-logrotator/app/schedule/clean_log.js
2020-05-16 21:41:36,332 INFO 18741 [egg-schedule]: register schedule /root/design-platform/node_modules/egg-logrotator/app/schedule/rotate_by_file.js
2020-05-16 21:41:59,616 INFO 18759 [egg-schedule]: register schedule /root/design-platform/node_modules/egg-multipart/app/schedule/clean_tmpdir.js
2020-05-16 21:41:59,616 INFO 18759 [egg-schedule]: register schedule /root/design-platform/node_modules/egg-logrotator/app/schedule/clean_log.js
2020-05-16 21:41:59,616 INFO 18759 [egg-schedule]: register schedule /root/design-platform/node_modules/egg-logrotator/app/schedule/rotate_by_file.js
2020-05-16 21:42:03,307 INFO 18770 [egg-schedule]: register schedule /root/design-platform/node_modules/egg-multipart/app/schedule/clean_tmpdir.js
2020-05-16 21:42:03,307 INFO 18770 [egg-schedule]: register schedule /root/design-platform/node_modules/egg-logrotator/app/schedule/clean_log.js
2020-05-16 21:42:03,307 INFO 18770 [egg-schedule]: register schedule /root/design-platform/node_modules/egg-logrotator/app/schedule/rotate_by_file.js
2020-05-16 21:42:06,353 INFO 18781 [egg-schedule]: register schedule /root/design-platform/node_modules/egg-multipart/app/schedule/clean_tmpdir.js
2020-05-16 21:42:06,353 INFO 18781 [egg-schedule]: register schedule /root/design-platform/node_modules/egg-logrotator/app/schedule/clean_log.js
2020-05-16 21:42:06,353 INFO 18781 [egg-schedule]: register schedule /root/design-platform/node_modules/egg-logrotator/app/schedule/rotate_by_file.js
2020-05-16 21:42:07,182 INFO 18792 [egg-schedule]: register schedule /root/design-platform/node_modules/egg-multipart/app/schedule/clean_tmpdir.js
2020-05-16 21:42:07,182 INFO 18792 [egg-schedule]: register schedule /root/design-platform/node_modules/egg-logrotator/app/schedule/clean_log.js
2020-05-16 21:42:07,182 INFO 18792 [egg-schedule]: register schedule /root/design-platform/node_modules/egg-logrotator/app/schedule/rotate_by_file.js
2020-05-16 21:42:18,490 INFO 18840 [egg-schedule]: register schedule /root/design-platform/node_modules/egg-multipart/app/schedule/clean_tmpdir.js
2020-05-16 21:42:18,490 INFO 18840 [egg-schedule]: register schedule /root/design-platform/node_modules/egg-logrotator/app/schedule/clean_log.js
2020-05-16 21:42:18,490 INFO 18840 [egg-schedule]: register schedule /root/design-platform/node_modules/egg-logrotator/app/schedule/rotate_by_file.js
2020-05-16 21:42:18,598 INFO 18829 [Timer] /root/design-platform/node_modules/egg-multipart/app/schedule/clean_tmpdir.js next time will execute after 24461407ms at 2020-05-17 04:30:00.005
2020-05-16 21:42:18,598 INFO 18829 [Timer] /root/design-platform/node_modules/egg-logrotator/app/schedule/clean_log.js next time will execute after 8261402ms at 2020-05-17 00:00:00.000
2020-05-16 21:42:18,599 INFO 18829 [Timer] /root/design-platform/node_modules/egg-logrotator/app/schedule/rotate_by_file.js next time will execute after 8262402ms at 2020-05-17 00:00:01.000
2020-05-16 21:49:00,342 INFO 18854 [egg-schedule]: register schedule /root/design-platform/node_modules/egg-multipart/app/schedule/clean_tmpdir.js
2020-05-16 21:49:00,342 INFO 18854 [egg-schedule]: register schedule /root/design-platform/node_modules/egg-logrotator/app/schedule/clean_log.js
2020-05-16 21:49:00,342 INFO 18854 [egg-schedule]: register schedule /root/design-platform/node_modules/egg-logrotator/app/schedule/rotate_by_file.js
2020-05-18 21:22:27,120 INFO 22288 [Timer] /root/design-platform/node_modules/egg-multipart/app/schedule/clean_tmpdir.js next time will execute after 25652885ms at 2020-05-19 04:30:00.005
2020-05-18 21:22:27,120 INFO 22288 [Timer] /root/design-platform/node_modules/egg-logrotator/app/schedule/clean_log.js next time will execute after 9452880ms at 2020-05-19 00:00:00.000
2020-05-18 21:22:27,120 INFO 22288 [Timer] /root/design-platform/node_modules/egg-logrotator/app/schedule/rotate_by_file.js next time will execute after 9453880ms at 2020-05-19 00:00:01.000
2020-05-18 21:22:27,014 INFO 22299 [egg-schedule]: register schedule /root/design-platform/node_modules/egg-multipart/app/schedule/clean_tmpdir.js
2020-05-18 21:22:27,014 INFO 22299 [egg-schedule]: register schedule /root/design-platform/node_modules/egg-logrotator/app/schedule/clean_log.js
2020-05-18 21:22:27,014 INFO 22299 [egg-schedule]: register schedule /root/design-platform/node_modules/egg-logrotator/app/schedule/rotate_by_file.js
2020-05-18 21:22:47,512 INFO 22310 [egg-schedule]: register schedule /root/design-platform/node_modules/egg-multipart/app/schedule/clean_tmpdir.js
2020-05-18 21:22:47,512 INFO 22310 [egg-schedule]: register schedule /root/design-platform/node_modules/egg-logrotator/app/schedule/clean_log.js
2020-05-18 21:22:47,512 INFO 22310 [egg-schedule]: register schedule /root/design-platform/node_modules/egg-logrotator/app/schedule/rotate_by_file.js
2020-05-18 21:23:09,562 INFO 22321 [egg-schedule]: register schedule /root/design-platform/node_modules/egg-multipart/app/schedule/clean_tmpdir.js
2020-05-18 21:23:09,563 INFO 22321 [egg-schedule]: register schedule /root/design-platform/node_modules/egg-logrotator/app/schedule/clean_log.js
2020-05-18 21:23:09,563 INFO 22321 [egg-schedule]: register schedule /root/design-platform/node_modules/egg-logrotator/app/schedule/rotate_by_file.js
2020-05-18 21:23:20,706 INFO 22332 [egg-schedule]: register schedule /root/design-platform/node_modules/egg-multipart/app/schedule/clean_tmpdir.js
2020-05-18 21:23:20,706 INFO 22332 [egg-schedule]: register schedule /root/design-platform/node_modules/egg-logrotator/app/schedule/clean_log.js
2020-05-18 21:23:20,706 INFO 22332 [egg-schedule]: register schedule /root/design-platform/node_modules/egg-logrotator/app/schedule/rotate_by_file.js
2020-05-18 21:25:23,796 INFO 22343 [egg-schedule]: register schedule /root/design-platform/node_modules/egg-multipart/app/schedule/clean_tmpdir.js
2020-05-18 21:25:23,796 INFO 22343 [egg-schedule]: register schedule /root/design-platform/node_modules/egg-logrotator/app/schedule/clean_log.js
2020-05-18 21:25:23,796 INFO 22343 [egg-schedule]: register schedule /root/design-platform/node_modules/egg-logrotator/app/schedule/rotate_by_file.js
2020-05-18 21:26:16,808 INFO 22354 [egg-schedule]: register schedule /root/design-platform/node_modules/egg-multipart/app/schedule/clean_tmpdir.js
2020-05-18 21:26:16,808 INFO 22354 [egg-schedule]: register schedule /root/design-platform/node_modules/egg-logrotator/app/schedule/clean_log.js
2020-05-18 21:26:16,808 INFO 22354 [egg-schedule]: register schedule /root/design-platform/node_modules/egg-logrotator/app/schedule/rotate_by_file.js
2020-05-18 21:26:17,695 INFO 22365 [egg-schedule]: register schedule /root/design-platform/node_modules/egg-multipart/app/schedule/clean_tmpdir.js
2020-05-18 21:26:17,695 INFO 22365 [egg-schedule]: register schedule /root/design-platform/node_modules/egg-logrotator/app/schedule/clean_log.js
2020-05-18 21:26:17,695 INFO 22365 [egg-schedule]: register schedule /root/design-platform/node_modules/egg-logrotator/app/schedule/rotate_by_file.js
2020-05-18 21:36:05,873 INFO 22381 [egg-schedule]: register schedule /root/design-platform/node_modules/egg-multipart/app/schedule/clean_tmpdir.js
2020-05-18 21:36:05,873 INFO 22381 [egg-schedule]: register schedule /root/design-platform/node_modules/egg-logrotator/app/schedule/clean_log.js
2020-05-18 21:36:05,873 INFO 22381 [egg-schedule]: register schedule /root/design-platform/node_modules/egg-logrotator/app/schedule/rotate_by_file.js
2020-05-18 21:36:12,294 INFO 22392 [egg-schedule]: register schedule /root/design-platform/node_modules/egg-multipart/app/schedule/clean_tmpdir.js
2020-05-18 21:36:12,294 INFO 22392 [egg-schedule]: register schedule /root/design-platform/node_modules/egg-logrotator/app/schedule/clean_log.js
2020-05-18 21:36:12,294 INFO 22392 [egg-schedule]: register schedule /root/design-platform/node_modules/egg-logrotator/app/schedule/rotate_by_file.js
2020-05-18 21:36:42,924 INFO 22404 [egg-schedule]: register schedule /root/design-platform/node_modules/egg-multipart/app/schedule/clean_tmpdir.js
2020-05-18 21:36:42,925 INFO 22404 [egg-schedule]: register schedule /root/design-platform/node_modules/egg-logrotator/app/schedule/clean_log.js
2020-05-18 21:36:42,925 INFO 22404 [egg-schedule]: register schedule /root/design-platform/node_modules/egg-logrotator/app/schedule/rotate_by_file.js
2020-05-18 22:29:47,506 INFO 22871 [Timer] /root/design-platform/node_modules/egg-multipart/app/schedule/clean_tmpdir.js next time will execute after 21612499ms at 2020-05-19 04:30:00.005
2020-05-18 22:29:47,506 INFO 22871 [Timer] /root/design-platform/node_modules/egg-logrotator/app/schedule/clean_log.js next time will execute after 5412494ms at 2020-05-19 00:00:00.000
2020-05-18 22:29:47,507 INFO 22871 [Timer] /root/design-platform/node_modules/egg-logrotator/app/schedule/rotate_by_file.js next time will execute after 5413494ms at 2020-05-19 00:00:01.001
2020-05-18 22:29:47,396 INFO 22882 [egg-schedule]: register schedule /root/design-platform/node_modules/egg-multipart/app/schedule/clean_tmpdir.js
2020-05-18 22:29:47,396 INFO 22882 [egg-schedule]: register schedule /root/design-platform/node_modules/egg-logrotator/app/schedule/clean_log.js
2020-05-18 22:29:47,396 INFO 22882 [egg-schedule]: register schedule /root/design-platform/node_modules/egg-logrotator/app/schedule/rotate_by_file.js
2020-05-18 22:33:31,408 INFO 22966 [Timer] /root/design-platform/node_modules/egg-multipart/app/schedule/clean_tmpdir.js next time will execute after 21388595ms at 2020-05-19 04:30:00.003
2020-05-18 22:33:31,408 INFO 22966 [Timer] /root/design-platform/node_modules/egg-logrotator/app/schedule/clean_log.js next time will execute after 5188592ms at 2020-05-19 00:00:00.000
2020-05-18 22:33:31,409 INFO 22966 [Timer] /root/design-platform/node_modules/egg-logrotator/app/schedule/rotate_by_file.js next time will execute after 5189592ms at 2020-05-19 00:00:01.001
2020-05-18 22:33:31,239 INFO 22977 [egg-schedule]: register schedule /root/design-platform/node_modules/egg-multipart/app/schedule/clean_tmpdir.js
2020-05-18 22:33:31,239 INFO 22977 [egg-schedule]: register schedule /root/design-platform/node_modules/egg-logrotator/app/schedule/clean_log.js
2020-05-18 22:33:31,239 INFO 22977 [egg-schedule]: register schedule /root/design-platform/node_modules/egg-logrotator/app/schedule/rotate_by_file.js
2020-05-18 22:43:10,540 INFO 23088 [egg-schedule]: register schedule /root/design-platform/node_modules/egg-multipart/app/schedule/clean_tmpdir.js
2020-05-18 22:43:10,540 INFO 23088 [egg-schedule]: register schedule /root/design-platform/node_modules/egg-logrotator/app/schedule/clean_log.js
2020-05-18 22:43:10,540 INFO 23088 [egg-schedule]: register schedule /root/design-platform/node_modules/egg-logrotator/app/schedule/rotate_by_file.js
2020-05-18 22:43:10,645 INFO 23077 [Timer] /root/design-platform/node_modules/egg-multipart/app/schedule/clean_tmpdir.js next time will execute after 20809358ms at 2020-05-19 04:30:00.003
2020-05-18 22:43:10,646 INFO 23077 [Timer] /root/design-platform/node_modules/egg-logrotator/app/schedule/clean_log.js next time will execute after 4609355ms at 2020-05-19 00:00:00.001
2020-05-18 22:43:10,646 INFO 23077 [Timer] /root/design-platform/node_modules/egg-logrotator/app/schedule/rotate_by_file.js next time will execute after 4610354ms at 2020-05-19 00:00:01.000
2020-05-19 21:53:27,855 INFO 24814 [Timer] /root/design-platform/node_modules/egg-multipart/app/schedule/clean_tmpdir.js next time will execute after 23792150ms at 2020-05-20 04:30:00.003
2020-05-19 21:53:27,856 INFO 24814 [Timer] /root/design-platform/node_modules/egg-logrotator/app/schedule/clean_log.js next time will execute after 7592144ms at 2020-05-20 00:00:00.000
2020-05-19 21:53:27,856 INFO 24814 [Timer] /root/design-platform/node_modules/egg-logrotator/app/schedule/rotate_by_file.js next time will execute after 7593144ms at 2020-05-20 00:00:01.000
2020-05-19 21:53:27,743 INFO 24825 [egg-schedule]: register schedule /root/design-platform/node_modules/egg-multipart/app/schedule/clean_tmpdir.js
2020-05-19 21:53:27,743 INFO 24825 [egg-schedule]: register schedule /root/design-platform/node_modules/egg-logrotator/app/schedule/clean_log.js
2020-05-19 21:53:27,743 INFO 24825 [egg-schedule]: register schedule /root/design-platform/node_modules/egg-logrotator/app/schedule/rotate_by_file.js
2020-05-19 22:19:28,814 INFO 24909 [Timer] /root/design-platform/node_modules/egg-multipart/app/schedule/clean_tmpdir.js next time will execute after 22231189ms at 2020-05-20 04:30:00.002
2020-05-19 22:19:28,814 INFO 24909 [Timer] /root/design-platform/node_modules/egg-logrotator/app/schedule/clean_log.js next time will execute after 6031186ms at 2020-05-20 00:00:00.000
2020-05-19 22:19:28,814 INFO 24909 [Timer] /root/design-platform/node_modules/egg-logrotator/app/schedule/rotate_by_file.js next time will execute after 6032186ms at 2020-05-20 00:00:01.000
2020-05-19 22:19:28,706 INFO 24920 [egg-schedule]: register schedule /root/design-platform/node_modules/egg-multipart/app/schedule/clean_tmpdir.js
2020-05-19 22:19:28,706 INFO 24920 [egg-schedule]: register schedule /root/design-platform/node_modules/egg-logrotator/app/schedule/clean_log.js
2020-05-19 22:19:28,706 INFO 24920 [egg-schedule]: register schedule /root/design-platform/node_modules/egg-logrotator/app/schedule/rotate_by_file.js
2020-06-18 19:19:58,054 INFO 24770 [Timer] /Users/lingyun/Work/design-platform/node_modules/egg-multipart/app/schedule/clean_tmpdir.js next time will execute after 33001950ms at 2020-06-19 04:30:00.004
2020-06-18 19:19:58,055 INFO 24770 [Timer] /Users/lingyun/Work/design-platform/node_modules/egg-logrotator/app/schedule/clean_log.js next time will execute after 16801945ms at 2020-06-19 00:00:00.000
2020-06-18 19:19:58,055 INFO 24770 [Timer] /Users/lingyun/Work/design-platform/node_modules/egg-logrotator/app/schedule/rotate_by_file.js next time will execute after 16802945ms at 2020-06-19 00:00:01.000
2020-06-18 19:19:57,866 INFO 24771 [egg-schedule]: register schedule /Users/lingyun/Work/design-platform/node_modules/egg-multipart/app/schedule/clean_tmpdir.js
2020-06-18 19:19:57,866 INFO 24771 [egg-schedule]: register schedule /Users/lingyun/Work/design-platform/node_modules/egg-logrotator/app/schedule/clean_log.js
2020-06-18 19:19:57,866 INFO 24771 [egg-schedule]: register schedule /Users/lingyun/Work/design-platform/node_modules/egg-logrotator/app/schedule/rotate_by_file.js
2020-06-18 19:56:44,597 INFO 28650 [egg-schedule]: register schedule /Users/lingyun/Work/design-platform/node_modules/egg-multipart/app/schedule/clean_tmpdir.js
2020-06-18 19:56:44,597 INFO 28650 [egg-schedule]: register schedule /Users/lingyun/Work/design-platform/node_modules/egg-logrotator/app/schedule/clean_log.js
2020-06-18 19:56:44,597 INFO 28650 [egg-schedule]: register schedule /Users/lingyun/Work/design-platform/node_modules/egg-logrotator/app/schedule/rotate_by_file.js
2020-06-18 19:56:46,541 INFO 28664 [egg-schedule]: register schedule /Users/lingyun/Work/design-platform/node_modules/egg-multipart/app/schedule/clean_tmpdir.js
2020-06-18 19:56:46,541 INFO 28664 [egg-schedule]: register schedule /Users/lingyun/Work/design-platform/node_modules/egg-logrotator/app/schedule/clean_log.js
2020-06-18 19:56:46,541 INFO 28664 [egg-schedule]: register schedule /Users/lingyun/Work/design-platform/node_modules/egg-logrotator/app/schedule/rotate_by_file.js
2020-06-18 19:56:54,067 INFO 28684 [egg-schedule]: register schedule /Users/lingyun/Work/design-platform/node_modules/egg-multipart/app/schedule/clean_tmpdir.js
2020-06-18 19:56:54,067 INFO 28684 [egg-schedule]: register schedule /Users/lingyun/Work/design-platform/node_modules/egg-logrotator/app/schedule/clean_log.js
2020-06-18 19:56:54,067 INFO 28684 [egg-schedule]: register schedule /Users/lingyun/Work/design-platform/node_modules/egg-logrotator/app/schedule/rotate_by_file.js
2020-06-18 19:56:54,806 INFO 28688 [egg-schedule]: register schedule /Users/lingyun/Work/design-platform/node_modules/egg-multipart/app/schedule/clean_tmpdir.js
2020-06-18 19:56:54,806 INFO 28688 [egg-schedule]: register schedule /Users/lingyun/Work/design-platform/node_modules/egg-logrotator/app/schedule/clean_log.js
2020-06-18 19:56:54,806 INFO 28688 [egg-schedule]: register schedule /Users/lingyun/Work/design-platform/node_modules/egg-logrotator/app/schedule/rotate_by_file.js
2020-06-18 19:56:58,477 INFO 28702 [egg-schedule]: register schedule /Users/lingyun/Work/design-platform/node_modules/egg-multipart/app/schedule/clean_tmpdir.js
2020-06-18 19:56:58,477 INFO 28702 [egg-schedule]: register schedule /Users/lingyun/Work/design-platform/node_modules/egg-logrotator/app/schedule/clean_log.js
2020-06-18 19:56:58,477 INFO 28702 [egg-schedule]: register schedule /Users/lingyun/Work/design-platform/node_modules/egg-logrotator/app/schedule/rotate_by_file.js
2020-06-18 19:56:59,434 INFO 28707 [egg-schedule]: register schedule /Users/lingyun/Work/design-platform/node_modules/egg-multipart/app/schedule/clean_tmpdir.js
2020-06-18 19:56:59,434 INFO 28707 [egg-schedule]: register schedule /Users/lingyun/Work/design-platform/node_modules/egg-logrotator/app/schedule/clean_log.js
2020-06-18 19:56:59,434 INFO 28707 [egg-schedule]: register schedule /Users/lingyun/Work/design-platform/node_modules/egg-logrotator/app/schedule/rotate_by_file.js
2020-07-28 19:22:27,924 INFO 41447 [Timer] /Users/lingyun/Work/design-platform/node_modules/egg-multipart/app/schedule/clean_tmpdir.js next time will execute after 32852081ms at 2020-07-29 04:30:00.005
2020-07-28 19:22:27,925 INFO 41447 [Timer] /Users/lingyun/Work/design-platform/node_modules/egg-logrotator/app/schedule/clean_log.js next time will execute after 16652076ms at 2020-07-29 00:00:00.001
2020-07-28 19:22:27,925 INFO 41447 [Timer] /Users/lingyun/Work/design-platform/node_modules/egg-logrotator/app/schedule/rotate_by_file.js next time will execute after 16653075ms at 2020-07-29 00:00:01.000
2020-07-28 19:22:27,720 INFO 41450 [egg-schedule]: register schedule /Users/lingyun/Work/design-platform/node_modules/egg-multipart/app/schedule/clean_tmpdir.js
2020-07-28 19:22:27,720 INFO 41450 [egg-schedule]: register schedule /Users/lingyun/Work/design-platform/node_modules/egg-logrotator/app/schedule/clean_log.js
2020-07-28 19:22:27,720 INFO 41450 [egg-schedule]: register schedule /Users/lingyun/Work/design-platform/node_modules/egg-logrotator/app/schedule/rotate_by_file.js
2020-07-28 19:22:55,585 INFO 41506 [egg-schedule]: register schedule /Users/lingyun/Work/design-platform/node_modules/egg-multipart/app/schedule/clean_tmpdir.js
2020-07-28 19:22:55,585 INFO 41506 [egg-schedule]: register schedule /Users/lingyun/Work/design-platform/node_modules/egg-logrotator/app/schedule/clean_log.js
2020-07-28 19:22:55,585 INFO 41506 [egg-schedule]: register schedule /Users/lingyun/Work/design-platform/node_modules/egg-logrotator/app/schedule/rotate_by_file.js
2020-07-28 19:23:04,609 INFO 41532 [egg-schedule]: register schedule /Users/lingyun/Work/design-platform/node_modules/egg-multipart/app/schedule/clean_tmpdir.js
2020-07-28 19:23:04,609 INFO 41532 [egg-schedule]: register schedule /Users/lingyun/Work/design-platform/node_modules/egg-logrotator/app/schedule/clean_log.js
2020-07-28 19:23:04,609 INFO 41532 [egg-schedule]: register schedule /Users/lingyun/Work/design-platform/node_modules/egg-logrotator/app/schedule/rotate_by_file.js
2020-07-28 19:23:16,024 INFO 41582 [egg-schedule]: register schedule /Users/lingyun/Work/design-platform/node_modules/egg-multipart/app/schedule/clean_tmpdir.js
2020-07-28 19:23:16,024 INFO 41582 [egg-schedule]: register schedule /Users/lingyun/Work/design-platform/node_modules/egg-logrotator/app/schedule/clean_log.js
2020-07-28 19:23:16,024 INFO 41582 [egg-schedule]: register schedule /Users/lingyun/Work/design-platform/node_modules/egg-logrotator/app/schedule/rotate_by_file.js
2020-07-28 19:23:17,266 INFO 41585 [egg-schedule]: register schedule /Users/lingyun/Work/design-platform/node_modules/egg-multipart/app/schedule/clean_tmpdir.js
2020-07-28 19:23:17,266 INFO 41585 [egg-schedule]: register schedule /Users/lingyun/Work/design-platform/node_modules/egg-logrotator/app/schedule/clean_log.js
2020-07-28 19:23:17,266 INFO 41585 [egg-schedule]: register schedule /Users/lingyun/Work/design-platform/node_modules/egg-logrotator/app/schedule/rotate_by_file.js
2020-07-28 20:51:33,388 INFO 43249 [Timer] /Users/lingyun/Work/design-platform/node_modules/egg-multipart/app/schedule/clean_tmpdir.js next time will execute after 27506615ms at 2020-07-29 04:30:00.003
2020-07-28 20:51:33,388 INFO 43249 [Timer] /Users/lingyun/Work/design-platform/node_modules/egg-logrotator/app/schedule/clean_log.js next time will execute after 11306612ms at 2020-07-29 00:00:00.000
2020-07-28 20:51:33,388 INFO 43249 [Timer] /Users/lingyun/Work/design-platform/node_modules/egg-logrotator/app/schedule/rotate_by_file.js next time will execute after 11307612ms at 2020-07-29 00:00:01.000
2020-07-28 20:51:33,227 INFO 43251 [egg-schedule]: register schedule /Users/lingyun/Work/design-platform/node_modules/egg-multipart/app/schedule/clean_tmpdir.js
2020-07-28 20:51:33,227 INFO 43251 [egg-schedule]: register schedule /Users/lingyun/Work/design-platform/node_modules/egg-logrotator/app/schedule/clean_log.js
2020-07-28 20:51:33,227 INFO 43251 [egg-schedule]: register schedule /Users/lingyun/Work/design-platform/node_modules/egg-logrotator/app/schedule/rotate_by_file.js
2020-07-28 21:05:12,048 INFO 44815 [egg-schedule]: register schedule /Users/lingyun/Work/design-platform/node_modules/egg-multipart/app/schedule/clean_tmpdir.js
2020-07-28 21:05:12,048 INFO 44815 [egg-schedule]: register schedule /Users/lingyun/Work/design-platform/node_modules/egg-logrotator/app/schedule/clean_log.js
2020-07-28 21:05:12,048 INFO 44815 [egg-schedule]: register schedule /Users/lingyun/Work/design-platform/node_modules/egg-logrotator/app/schedule/rotate_by_file.js
2020-07-28 21:07:12,695 INFO 44934 [egg-schedule]: register schedule /Users/lingyun/Work/design-platform/node_modules/egg-multipart/app/schedule/clean_tmpdir.js
2020-07-28 21:07:12,695 INFO 44934 [egg-schedule]: register schedule /Users/lingyun/Work/design-platform/node_modules/egg-logrotator/app/schedule/clean_log.js
2020-07-28 21:07:12,695 INFO 44934 [egg-schedule]: register schedule /Users/lingyun/Work/design-platform/node_modules/egg-logrotator/app/schedule/rotate_by_file.js
2020-07-28 21:07:32,689 INFO 44954 [egg-schedule]: register schedule /Users/lingyun/Work/design-platform/node_modules/egg-multipart/app/schedule/clean_tmpdir.js
2020-07-28 21:07:32,689 INFO 44954 [egg-schedule]: register schedule /Users/lingyun/Work/design-platform/node_modules/egg-logrotator/app/schedule/clean_log.js
2020-07-28 21:07:32,689 INFO 44954 [egg-schedule]: register schedule /Users/lingyun/Work/design-platform/node_modules/egg-logrotator/app/schedule/rotate_by_file.js
2020-07-28 21:07:43,839 INFO 44985 [egg-schedule]: register schedule /Users/lingyun/Work/design-platform/node_modules/egg-multipart/app/schedule/clean_tmpdir.js
2020-07-28 21:07:43,839 INFO 44985 [egg-schedule]: register schedule /Users/lingyun/Work/design-platform/node_modules/egg-logrotator/app/schedule/clean_log.js
2020-07-28 21:07:43,839 INFO 44985 [egg-schedule]: register schedule /Users/lingyun/Work/design-platform/node_modules/egg-logrotator/app/schedule/rotate_by_file.js
2020-07-28 21:07:44,998 INFO 44998 [egg-schedule]: register schedule /Users/lingyun/Work/design-platform/node_modules/egg-multipart/app/schedule/clean_tmpdir.js
2020-07-28 21:07:44,998 INFO 44998 [egg-schedule]: register schedule /Users/lingyun/Work/design-platform/node_modules/egg-logrotator/app/schedule/clean_log.js
2020-07-28 21:07:44,998 INFO 44998 [egg-schedule]: register schedule /Users/lingyun/Work/design-platform/node_modules/egg-logrotator/app/schedule/rotate_by_file.js
2020-07-28 21:07:59,575 INFO 45024 [egg-schedule]: register schedule /Users/lingyun/Work/design-platform/node_modules/egg-multipart/app/schedule/clean_tmpdir.js
2020-07-28 21:07:59,575 INFO 45024 [egg-schedule]: register schedule /Users/lingyun/Work/design-platform/node_modules/egg-logrotator/app/schedule/clean_log.js
2020-07-28 21:07:59,575 INFO 45024 [egg-schedule]: register schedule /Users/lingyun/Work/design-platform/node_modules/egg-logrotator/app/schedule/rotate_by_file.js
2020-07-28 21:08:46,785 INFO 45124 [egg-schedule]: register schedule /Users/lingyun/Work/design-platform/node_modules/egg-multipart/app/schedule/clean_tmpdir.js
2020-07-28 21:08:46,785 INFO 45124 [egg-schedule]: register schedule /Users/lingyun/Work/design-platform/node_modules/egg-logrotator/app/schedule/clean_log.js
2020-07-28 21:08:46,785 INFO 45124 [egg-schedule]: register schedule /Users/lingyun/Work/design-platform/node_modules/egg-logrotator/app/schedule/rotate_by_file.js
2020-07-28 21:09:34,891 INFO 45140 [egg-schedule]: register schedule /Users/lingyun/Work/design-platform/node_modules/egg-multipart/app/schedule/clean_tmpdir.js
2020-07-28 21:09:34,891 INFO 45140 [egg-schedule]: register schedule /Users/lingyun/Work/design-platform/node_modules/egg-logrotator/app/schedule/clean_log.js
2020-07-28 21:09:34,891 INFO 45140 [egg-schedule]: register schedule /Users/lingyun/Work/design-platform/node_modules/egg-logrotator/app/schedule/rotate_by_file.js
2020-07-28 21:09:36,121 INFO 45142 [egg-schedule]: register schedule /Users/lingyun/Work/design-platform/node_modules/egg-multipart/app/schedule/clean_tmpdir.js
2020-07-28 21:09:36,121 INFO 45142 [egg-schedule]: register schedule /Users/lingyun/Work/design-platform/node_modules/egg-logrotator/app/schedule/clean_log.js
2020-07-28 21:09:36,121 INFO 45142 [egg-schedule]: register schedule /Users/lingyun/Work/design-platform/node_modules/egg-logrotator/app/schedule/rotate_by_file.js
2020-07-28 21:09:37,643 INFO 45162 [egg-schedule]: register schedule /Users/lingyun/Work/design-platform/node_modules/egg-multipart/app/schedule/clean_tmpdir.js
2020-07-28 21:09:37,643 INFO 45162 [egg-schedule]: register schedule /Users/lingyun/Work/design-platform/node_modules/egg-logrotator/app/schedule/clean_log.js
2020-07-28 21:09:37,643 INFO 45162 [egg-schedule]: register schedule /Users/lingyun/Work/design-platform/node_modules/egg-logrotator/app/schedule/rotate_by_file.js
2020-07-28 21:09:38,846 INFO 45169 [egg-schedule]: register schedule /Users/lingyun/Work/design-platform/node_modules/egg-multipart/app/schedule/clean_tmpdir.js
2020-07-28 21:09:38,846 INFO 45169 [egg-schedule]: register schedule /Users/lingyun/Work/design-platform/node_modules/egg-logrotator/app/schedule/clean_log.js
2020-07-28 21:09:38,846 INFO 45169 [egg-schedule]: register schedule /Users/lingyun/Work/design-platform/node_modules/egg-logrotator/app/schedule/rotate_by_file.js
2020-07-28 21:09:47,742 INFO 45183 [egg-schedule]: register schedule /Users/lingyun/Work/design-platform/node_modules/egg-multipart/app/schedule/clean_tmpdir.js
2020-07-28 21:09:47,742 INFO 45183 [egg-schedule]: register schedule /Users/lingyun/Work/design-platform/node_modules/egg-logrotator/app/schedule/clean_log.js
2020-07-28 21:09:47,742 INFO 45183 [egg-schedule]: register schedule /Users/lingyun/Work/design-platform/node_modules/egg-logrotator/app/schedule/rotate_by_file.js
2020-07-28 21:09:51,082 INFO 45195 [egg-schedule]: register schedule /Users/lingyun/Work/design-platform/node_modules/egg-multipart/app/schedule/clean_tmpdir.js
2020-07-28 21:09:51,082 INFO 45195 [egg-schedule]: register schedule /Users/lingyun/Work/design-platform/node_modules/egg-logrotator/app/schedule/clean_log.js
2020-07-28 21:09:51,082 INFO 45195 [egg-schedule]: register schedule /Users/lingyun/Work/design-platform/node_modules/egg-logrotator/app/schedule/rotate_by_file.js
2020-07-28 21:09:56,848 INFO 45210 [egg-schedule]: register schedule /Users/lingyun/Work/design-platform/node_modules/egg-multipart/app/schedule/clean_tmpdir.js
2020-07-28 21:09:56,849 INFO 45210 [egg-schedule]: register schedule /Users/lingyun/Work/design-platform/node_modules/egg-logrotator/app/schedule/clean_log.js
2020-07-28 21:09:56,849 INFO 45210 [egg-schedule]: register schedule /Users/lingyun/Work/design-platform/node_modules/egg-logrotator/app/schedule/rotate_by_file.js
2020-07-28 21:10:07,234 INFO 45222 [egg-schedule]: register schedule /Users/lingyun/Work/design-platform/node_modules/egg-multipart/app/schedule/clean_tmpdir.js
2020-07-28 21:10:07,234 INFO 45222 [egg-schedule]: register schedule /Users/lingyun/Work/design-platform/node_modules/egg-logrotator/app/schedule/clean_log.js
2020-07-28 21:10:07,234 INFO 45222 [egg-schedule]: register schedule /Users/lingyun/Work/design-platform/node_modules/egg-logrotator/app/schedule/rotate_by_file.js
2020-07-28 21:10:19,797 INFO 45252 [egg-schedule]: register schedule /Users/lingyun/Work/design-platform/node_modules/egg-multipart/app/schedule/clean_tmpdir.js
2020-07-28 21:10:19,798 INFO 45252 [egg-schedule]: register schedule /Users/lingyun/Work/design-platform/node_modules/egg-logrotator/app/schedule/clean_log.js
2020-07-28 21:10:19,798 INFO 45252 [egg-schedule]: register schedule /Users/lingyun/Work/design-platform/node_modules/egg-logrotator/app/schedule/rotate_by_file.js
2020-07-28 21:10:57,889 INFO 45325 [egg-schedule]: register schedule /Users/lingyun/Work/design-platform/node_modules/egg-multipart/app/schedule/clean_tmpdir.js
2020-07-28 21:10:57,889 INFO 45325 [egg-schedule]: register schedule /Users/lingyun/Work/design-platform/node_modules/egg-logrotator/app/schedule/clean_log.js
2020-07-28 21:10:57,889 INFO 45325 [egg-schedule]: register schedule /Users/lingyun/Work/design-platform/node_modules/egg-logrotator/app/schedule/rotate_by_file.js
2020-07-28 21:10:59,235 INFO 45329 [egg-schedule]: register schedule /Users/lingyun/Work/design-platform/node_modules/egg-multipart/app/schedule/clean_tmpdir.js
2020-07-28 21:10:59,235 INFO 45329 [egg-schedule]: register schedule /Users/lingyun/Work/design-platform/node_modules/egg-logrotator/app/schedule/clean_log.js
2020-07-28 21:10:59,235 INFO 45329 [egg-schedule]: register schedule /Users/lingyun/Work/design-platform/node_modules/egg-logrotator/app/schedule/rotate_by_file.js
2020-07-28 21:11:00,090 INFO 45332 [egg-schedule]: register schedule /Users/lingyun/Work/design-platform/node_modules/egg-multipart/app/schedule/clean_tmpdir.js
2020-07-28 21:11:00,090 INFO 45332 [egg-schedule]: register schedule /Users/lingyun/Work/design-platform/node_modules/egg-logrotator/app/schedule/clean_log.js
2020-07-28 21:11:00,090 INFO 45332 [egg-schedule]: register schedule /Users/lingyun/Work/design-platform/node_modules/egg-logrotator/app/schedule/rotate_by_file.js
2020-07-28 21:14:40,541 INFO 45436 [egg-schedule]: register schedule /Users/lingyun/Work/design-platform/node_modules/egg-multipart/app/schedule/clean_tmpdir.js
2020-07-28 21:14:40,541 INFO 45436 [egg-schedule]: register schedule /Users/lingyun/Work/design-platform/node_modules/egg-logrotator/app/schedule/clean_log.js
2020-07-28 21:14:40,541 INFO 45436 [egg-schedule]: register schedule /Users/lingyun/Work/design-platform/node_modules/egg-logrotator/app/schedule/rotate_by_file.js
2020-07-28 21:14:42,075 INFO 45441 [egg-schedule]: register schedule /Users/lingyun/Work/design-platform/node_modules/egg-multipart/app/schedule/clean_tmpdir.js
2020-07-28 21:14:42,075 INFO 45441 [egg-schedule]: register schedule /Users/lingyun/Work/design-platform/node_modules/egg-logrotator/app/schedule/clean_log.js
2020-07-28 21:14:42,075 INFO 45441 [egg-schedule]: register schedule /Users/lingyun/Work/design-platform/node_modules/egg-logrotator/app/schedule/rotate_by_file.js
2020-07-28 21:14:43,921 INFO 45454 [egg-schedule]: register schedule /Users/lingyun/Work/design-platform/node_modules/egg-multipart/app/schedule/clean_tmpdir.js
2020-07-28 21:14:43,921 INFO 45454 [egg-schedule]: register schedule /Users/lingyun/Work/design-platform/node_modules/egg-logrotator/app/schedule/clean_log.js
2020-07-28 21:14:43,921 INFO 45454 [egg-schedule]: register schedule /Users/lingyun/Work/design-platform/node_modules/egg-logrotator/app/schedule/rotate_by_file.js
2020-07-28 21:14:45,321 INFO 45459 [egg-schedule]: register schedule /Users/lingyun/Work/design-platform/node_modules/egg-multipart/app/schedule/clean_tmpdir.js
2020-07-28 21:14:45,321 INFO 45459 [egg-schedule]: register schedule /Users/lingyun/Work/design-platform/node_modules/egg-logrotator/app/schedule/clean_log.js
2020-07-28 21:14:45,321 INFO 45459 [egg-schedule]: register schedule /Users/lingyun/Work/design-platform/node_modules/egg-logrotator/app/schedule/rotate_by_file.js
2020-07-28 21:14:46,402 INFO 45463 [egg-schedule]: register schedule /Users/lingyun/Work/design-platform/node_modules/egg-multipart/app/schedule/clean_tmpdir.js
2020-07-28 21:14:46,402 INFO 45463 [egg-schedule]: register schedule /Users/lingyun/Work/design-platform/node_modules/egg-logrotator/app/schedule/clean_log.js
2020-07-28 21:14:46,402 INFO 45463 [egg-schedule]: register schedule /Users/lingyun/Work/design-platform/node_modules/egg-logrotator/app/schedule/rotate_by_file.js
2020-07-28 21:14:47,333 INFO 45466 [egg-schedule]: register schedule /Users/lingyun/Work/design-platform/node_modules/egg-multipart/app/schedule/clean_tmpdir.js
2020-07-28 21:14:47,333 INFO 45466 [egg-schedule]: register schedule /Users/lingyun/Work/design-platform/node_modules/egg-logrotator/app/schedule/clean_log.js
2020-07-28 21:14:47,333 INFO 45466 [egg-schedule]: register schedule /Users/lingyun/Work/design-platform/node_modules/egg-logrotator/app/schedule/rotate_by_file.js
2020-07-28 21:15:03,909 INFO 45500 [egg-schedule]: register schedule /Users/lingyun/Work/design-platform/node_modules/egg-multipart/app/schedule/clean_tmpdir.js
2020-07-28 21:15:03,909 INFO 45500 [egg-schedule]: register schedule /Users/lingyun/Work/design-platform/node_modules/egg-logrotator/app/schedule/clean_log.js
2020-07-28 21:15:03,909 INFO 45500 [egg-schedule]: register schedule /Users/lingyun/Work/design-platform/node_modules/egg-logrotator/app/schedule/rotate_by_file.js
2020-07-28 21:15:05,174 INFO 45513 [egg-schedule]: register schedule /Users/lingyun/Work/design-platform/node_modules/egg-multipart/app/schedule/clean_tmpdir.js
2020-07-28 21:15:05,174 INFO 45513 [egg-schedule]: register schedule /Users/lingyun/Work/design-platform/node_modules/egg-logrotator/app/schedule/clean_log.js
2020-07-28 21:15:05,174 INFO 45513 [egg-schedule]: register schedule /Users/lingyun/Work/design-platform/node_modules/egg-logrotator/app/schedule/rotate_by_file.js
2020-07-28 21:15:08,734 INFO 45518 [egg-schedule]: register schedule /Users/lingyun/Work/design-platform/node_modules/egg-multipart/app/schedule/clean_tmpdir.js
2020-07-28 21:15:08,734 INFO 45518 [egg-schedule]: register schedule /Users/lingyun/Work/design-platform/node_modules/egg-logrotator/app/schedule/clean_log.js
2020-07-28 21:15:08,734 INFO 45518 [egg-schedule]: register schedule /Users/lingyun/Work/design-platform/node_modules/egg-logrotator/app/schedule/rotate_by_file.js
2020-07-28 21:15:28,701 INFO 45533 [egg-schedule]: register schedule /Users/lingyun/Work/design-platform/node_modules/egg-multipart/app/schedule/clean_tmpdir.js
2020-07-28 21:15:28,702 INFO 45533 [egg-schedule]: register schedule /Users/lingyun/Work/design-platform/node_modules/egg-logrotator/app/schedule/clean_log.js
2020-07-28 21:15:28,702 INFO 45533 [egg-schedule]: register schedule /Users/lingyun/Work/design-platform/node_modules/egg-logrotator/app/schedule/rotate_by_file.js
2020-07-28 21:15:57,807 INFO 45578 [egg-schedule]: register schedule /Users/lingyun/Work/design-platform/node_modules/egg-multipart/app/schedule/clean_tmpdir.js
2020-07-28 21:15:57,807 INFO 45578 [egg-schedule]: register schedule /Users/lingyun/Work/design-platform/node_modules/egg-logrotator/app/schedule/clean_log.js
2020-07-28 21:15:57,807 INFO 45578 [egg-schedule]: register schedule /Users/lingyun/Work/design-platform/node_modules/egg-logrotator/app/schedule/rotate_by_file.js
2020-07-28 21:15:58,633 INFO 45581 [egg-schedule]: register schedule /Users/lingyun/Work/design-platform/node_modules/egg-multipart/app/schedule/clean_tmpdir.js
2020-07-28 21:15:58,633 INFO 45581 [egg-schedule]: register schedule /Users/lingyun/Work/design-platform/node_modules/egg-logrotator/app/schedule/clean_log.js
2020-07-28 21:15:58,633 INFO 45581 [egg-schedule]: register schedule /Users/lingyun/Work/design-platform/node_modules/egg-logrotator/app/schedule/rotate_by_file.js
2020-07-28 21:16:04,704 INFO 45593 [egg-schedule]: register schedule /Users/lingyun/Work/design-platform/node_modules/egg-multipart/app/schedule/clean_tmpdir.js
2020-07-28 21:16:04,704 INFO 45593 [egg-schedule]: register schedule /Users/lingyun/Work/design-platform/node_modules/egg-logrotator/app/schedule/clean_log.js
2020-07-28 21:16:04,704 INFO 45593 [egg-schedule]: register schedule /Users/lingyun/Work/design-platform/node_modules/egg-logrotator/app/schedule/rotate_by_file.js
2020-07-28 21:16:25,035 INFO 45649 [egg-schedule]: register schedule /Users/lingyun/Work/design-platform/node_modules/egg-multipart/app/schedule/clean_tmpdir.js
2020-07-28 21:16:25,035 INFO 45649 [egg-schedule]: register schedule /Users/lingyun/Work/design-platform/node_modules/egg-logrotator/app/schedule/clean_log.js
2020-07-28 21:16:25,035 INFO 45649 [egg-schedule]: register schedule /Users/lingyun/Work/design-platform/node_modules/egg-logrotator/app/schedule/rotate_by_file.js
2020-07-28 21:16:29,367 INFO 45664 [egg-schedule]: register schedule /Users/lingyun/Work/design-platform/node_modules/egg-multipart/app/schedule/clean_tmpdir.js
2020-07-28 21:16:29,367 INFO 45664 [egg-schedule]: register schedule /Users/lingyun/Work/design-platform/node_modules/egg-logrotator/app/schedule/clean_log.js
2020-07-28 21:16:29,367 INFO 45664 [egg-schedule]: register schedule /Users/lingyun/Work/design-platform/node_modules/egg-logrotator/app/schedule/rotate_by_file.js
2020-07-28 21:16:31,343 INFO 45670 [egg-schedule]: register schedule /Users/lingyun/Work/design-platform/node_modules/egg-multipart/app/schedule/clean_tmpdir.js
2020-07-28 21:16:31,344 INFO 45670 [egg-schedule]: register schedule /Users/lingyun/Work/design-platform/node_modules/egg-logrotator/app/schedule/clean_log.js
2020-07-28 21:16:31,344 INFO 45670 [egg-schedule]: register schedule /Users/lingyun/Work/design-platform/node_modules/egg-logrotator/app/schedule/rotate_by_file.js
2020-07-28 21:16:33,221 INFO 45675 [egg-schedule]: register schedule /Users/lingyun/Work/design-platform/node_modules/egg-multipart/app/schedule/clean_tmpdir.js
2020-07-28 21:16:33,221 INFO 45675 [egg-schedule]: register schedule /Users/lingyun/Work/design-platform/node_modules/egg-logrotator/app/schedule/clean_log.js
2020-07-28 21:16:33,221 INFO 45675 [egg-schedule]: register schedule /Users/lingyun/Work/design-platform/node_modules/egg-logrotator/app/schedule/rotate_by_file.js
2020-07-28 21:16:36,465 INFO 45685 [egg-schedule]: register schedule /Users/lingyun/Work/design-platform/node_modules/egg-multipart/app/schedule/clean_tmpdir.js
2020-07-28 21:16:36,465 INFO 45685 [egg-schedule]: register schedule /Users/lingyun/Work/design-platform/node_modules/egg-logrotator/app/schedule/clean_log.js
2020-07-28 21:16:36,465 INFO 45685 [egg-schedule]: register schedule /Users/lingyun/Work/design-platform/node_modules/egg-logrotator/app/schedule/rotate_by_file.js
2020-07-28 21:16:37,127 INFO 45688 [egg-schedule]: register schedule /Users/lingyun/Work/design-platform/node_modules/egg-multipart/app/schedule/clean_tmpdir.js
2020-07-28 21:16:37,127 INFO 45688 [egg-schedule]: register schedule /Users/lingyun/Work/design-platform/node_modules/egg-logrotator/app/schedule/clean_log.js
2020-07-28 21:16:37,127 INFO 45688 [egg-schedule]: register schedule /Users/lingyun/Work/design-platform/node_modules/egg-logrotator/app/schedule/rotate_by_file.js
2020-07-28 21:16:49,132 INFO 45718 [egg-schedule]: register schedule /Users/lingyun/Work/design-platform/node_modules/egg-multipart/app/schedule/clean_tmpdir.js
2020-07-28 21:16:49,132 INFO 45718 [egg-schedule]: register schedule /Users/lingyun/Work/design-platform/node_modules/egg-logrotator/app/schedule/clean_log.js
2020-07-28 21:16:49,132 INFO 45718 [egg-schedule]: register schedule /Users/lingyun/Work/design-platform/node_modules/egg-logrotator/app/schedule/rotate_by_file.js
2020-07-28 21:17:21,537 INFO 45732 [egg-schedule]: register schedule /Users/lingyun/Work/design-platform/node_modules/egg-multipart/app/schedule/clean_tmpdir.js
2020-07-28 21:17:21,537 INFO 45732 [egg-schedule]: register schedule /Users/lingyun/Work/design-platform/node_modules/egg-logrotator/app/schedule/clean_log.js
2020-07-28 21:17:21,537 INFO 45732 [egg-schedule]: register schedule /Users/lingyun/Work/design-platform/node_modules/egg-logrotator/app/schedule/rotate_by_file.js
2020-07-28 21:17:29,637 INFO 45756 [egg-schedule]: register schedule /Users/lingyun/Work/design-platform/node_modules/egg-multipart/app/schedule/clean_tmpdir.js
2020-07-28 21:17:29,637 INFO 45756 [egg-schedule]: register schedule /Users/lingyun/Work/design-platform/node_modules/egg-logrotator/app/schedule/clean_log.js
2020-07-28 21:17:29,637 INFO 45756 [egg-schedule]: register schedule /Users/lingyun/Work/design-platform/node_modules/egg-logrotator/app/schedule/rotate_by_file.js
2020-07-28 21:17:42,209 INFO 45781 [egg-schedule]: register schedule /Users/lingyun/Work/design-platform/node_modules/egg-multipart/app/schedule/clean_tmpdir.js
2020-07-28 21:17:42,209 INFO 45781 [egg-schedule]: register schedule /Users/lingyun/Work/design-platform/node_modules/egg-logrotator/app/schedule/clean_log.js
2020-07-28 21:17:42,209 INFO 45781 [egg-schedule]: register schedule /Users/lingyun/Work/design-platform/node_modules/egg-logrotator/app/schedule/rotate_by_file.js
2020-07-28 21:18:32,230 INFO 45813 [egg-schedule]: register schedule /Users/lingyun/Work/design-platform/node_modules/egg-multipart/app/schedule/clean_tmpdir.js
2020-07-28 21:18:32,230 INFO 45813 [egg-schedule]: register schedule /Users/lingyun/Work/design-platform/node_modules/egg-logrotator/app/schedule/clean_log.js
2020-07-28 21:18:32,230 INFO 45813 [egg-schedule]: register schedule /Users/lingyun/Work/design-platform/node_modules/egg-logrotator/app/schedule/rotate_by_file.js
2020-07-28 21:18:35,416 INFO 45825 [egg-schedule]: register schedule /Users/lingyun/Work/design-platform/node_modules/egg-multipart/app/schedule/clean_tmpdir.js
2020-07-28 21:18:35,416 INFO 45825 [egg-schedule]: register schedule /Users/lingyun/Work/design-platform/node_modules/egg-logrotator/app/schedule/clean_log.js
2020-07-28 21:18:35,416 INFO 45825 [egg-schedule]: register schedule /Users/lingyun/Work/design-platform/node_modules/egg-logrotator/app/schedule/rotate_by_file.js
2020-07-28 21:18:37,289 INFO 45831 [egg-schedule]: register schedule /Users/lingyun/Work/design-platform/node_modules/egg-multipart/app/schedule/clean_tmpdir.js
2020-07-28 21:18:37,289 INFO 45831 [egg-schedule]: register schedule /Users/lingyun/Work/design-platform/node_modules/egg-logrotator/app/schedule/clean_log.js
2020-07-28 21:18:37,289 INFO 45831 [egg-schedule]: register schedule /Users/lingyun/Work/design-platform/node_modules/egg-logrotator/app/schedule/rotate_by_file.js
2020-07-28 21:18:39,080 INFO 45837 [egg-schedule]: register schedule /Users/lingyun/Work/design-platform/node_modules/egg-multipart/app/schedule/clean_tmpdir.js
2020-07-28 21:18:39,080 INFO 45837 [egg-schedule]: register schedule /Users/lingyun/Work/design-platform/node_modules/egg-logrotator/app/schedule/clean_log.js
2020-07-28 21:18:39,080 INFO 45837 [egg-schedule]: register schedule /Users/lingyun/Work/design-platform/node_modules/egg-logrotator/app/schedule/rotate_by_file.js
2020-07-28 21:18:41,127 INFO 45855 [egg-schedule]: register schedule /Users/lingyun/Work/design-platform/node_modules/egg-multipart/app/schedule/clean_tmpdir.js
2020-07-28 21:18:41,127 INFO 45855 [egg-schedule]: register schedule /Users/lingyun/Work/design-platform/node_modules/egg-logrotator/app/schedule/clean_log.js
2020-07-28 21:18:41,127 INFO 45855 [egg-schedule]: register schedule /Users/lingyun/Work/design-platform/node_modules/egg-logrotator/app/schedule/rotate_by_file.js
2020-07-28 21:18:43,809 INFO 45861 [egg-schedule]: register schedule /Users/lingyun/Work/design-platform/node_modules/egg-multipart/app/schedule/clean_tmpdir.js
2020-07-28 21:18:43,809 INFO 45861 [egg-schedule]: register schedule /Users/lingyun/Work/design-platform/node_modules/egg-logrotator/app/schedule/clean_log.js
2020-07-28 21:18:43,809 INFO 45861 [egg-schedule]: register schedule /Users/lingyun/Work/design-platform/node_modules/egg-logrotator/app/schedule/rotate_by_file.js
2020-07-28 21:23:35,022 INFO 46268 [egg-schedule]: register schedule /Users/lingyun/Work/design-platform/node_modules/egg-multipart/app/schedule/clean_tmpdir.js
2020-07-28 21:23:35,022 INFO 46268 [egg-schedule]: register schedule /Users/lingyun/Work/design-platform/node_modules/egg-logrotator/app/schedule/clean_log.js
2020-07-28 21:23:35,022 INFO 46268 [egg-schedule]: register schedule /Users/lingyun/Work/design-platform/node_modules/egg-logrotator/app/schedule/rotate_by_file.js
2020-07-28 21:24:53,094 INFO 46376 [egg-schedule]: register schedule /Users/lingyun/Work/design-platform/node_modules/egg-multipart/app/schedule/clean_tmpdir.js
2020-07-28 21:24:53,094 INFO 46376 [egg-schedule]: register schedule /Users/lingyun/Work/design-platform/node_modules/egg-logrotator/app/schedule/clean_log.js
2020-07-28 21:24:53,094 INFO 46376 [egg-schedule]: register schedule /Users/lingyun/Work/design-platform/node_modules/egg-logrotator/app/schedule/rotate_by_file.js
2020-07-28 21:24:58,685 INFO 46391 [egg-schedule]: register schedule /Users/lingyun/Work/design-platform/node_modules/egg-multipart/app/schedule/clean_tmpdir.js
2020-07-28 21:24:58,685 INFO 46391 [egg-schedule]: register schedule /Users/lingyun/Work/design-platform/node_modules/egg-logrotator/app/schedule/clean_log.js
2020-07-28 21:24:58,685 INFO 46391 [egg-schedule]: register schedule /Users/lingyun/Work/design-platform/node_modules/egg-logrotator/app/schedule/rotate_by_file.js
2020-07-28 21:25:11,902 INFO 46425 [egg-schedule]: register schedule /Users/lingyun/Work/design-platform/node_modules/egg-multipart/app/schedule/clean_tmpdir.js
2020-07-28 21:25:11,902 INFO 46425 [egg-schedule]: register schedule /Users/lingyun/Work/design-platform/node_modules/egg-logrotator/app/schedule/clean_log.js
2020-07-28 21:25:11,902 INFO 46425 [egg-schedule]: register schedule /Users/lingyun/Work/design-platform/node_modules/egg-logrotator/app/schedule/rotate_by_file.js
2020-07-28 21:25:22,831 INFO 46440 [egg-schedule]: register schedule /Users/lingyun/Work/design-platform/node_modules/egg-multipart/app/schedule/clean_tmpdir.js
2020-07-28 21:25:22,831 INFO 46440 [egg-schedule]: register schedule /Users/lingyun/Work/design-platform/node_modules/egg-logrotator/app/schedule/clean_log.js
2020-07-28 21:25:22,831 INFO 46440 [egg-schedule]: register schedule /Users/lingyun/Work/design-platform/node_modules/egg-logrotator/app/schedule/rotate_by_file.js
2020-07-28 21:25:28,948 INFO 46443 [egg-schedule]: register schedule /Users/lingyun/Work/design-platform/node_modules/egg-multipart/app/schedule/clean_tmpdir.js
2020-07-28 21:25:28,948 INFO 46443 [egg-schedule]: register schedule /Users/lingyun/Work/design-platform/node_modules/egg-logrotator/app/schedule/clean_log.js
2020-07-28 21:25:28,948 INFO 46443 [egg-schedule]: register schedule /Users/lingyun/Work/design-platform/node_modules/egg-logrotator/app/schedule/rotate_by_file.js
2020-07-28 21:37:10,946 INFO 47529 [egg-schedule]: register schedule /Users/lingyun/Work/design-platform/node_modules/egg-multipart/app/schedule/clean_tmpdir.js
2020-07-28 21:37:10,946 INFO 47529 [egg-schedule]: register schedule /Users/lingyun/Work/design-platform/node_modules/egg-logrotator/app/schedule/clean_log.js
2020-07-28 21:37:10,946 INFO 47529 [egg-schedule]: register schedule /Users/lingyun/Work/design-platform/node_modules/egg-logrotator/app/schedule/rotate_by_file.js
2020-07-28 21:44:19,125 INFO 48229 [egg-schedule]: register schedule /Users/lingyun/Work/design-platform/node_modules/egg-multipart/app/schedule/clean_tmpdir.js
2020-07-28 21:44:19,125 INFO 48229 [egg-schedule]: register schedule /Users/lingyun/Work/design-platform/node_modules/egg-logrotator/app/schedule/clean_log.js
2020-07-28 21:44:19,125 INFO 48229 [egg-schedule]: register schedule /Users/lingyun/Work/design-platform/node_modules/egg-logrotator/app/schedule/rotate_by_file.js
2020-07-28 21:44:22,879 INFO 48250 [egg-schedule]: register schedule /Users/lingyun/Work/design-platform/node_modules/egg-multipart/app/schedule/clean_tmpdir.js
2020-07-28 21:44:22,879 INFO 48250 [egg-schedule]: register schedule /Users/lingyun/Work/design-platform/node_modules/egg-logrotator/app/schedule/clean_log.js
2020-07-28 21:44:22,879 INFO 48250 [egg-schedule]: register schedule /Users/lingyun/Work/design-platform/node_modules/egg-logrotator/app/schedule/rotate_by_file.js
2020-07-28 21:44:24,372 INFO 48256 [egg-schedule]: register schedule /Users/lingyun/Work/design-platform/node_modules/egg-multipart/app/schedule/clean_tmpdir.js
2020-07-28 21:44:24,372 INFO 48256 [egg-schedule]: register schedule /Users/lingyun/Work/design-platform/node_modules/egg-logrotator/app/schedule/clean_log.js
2020-07-28 21:44:24,372 INFO 48256 [egg-schedule]: register schedule /Users/lingyun/Work/design-platform/node_modules/egg-logrotator/app/schedule/rotate_by_file.js
2020-07-28 21:44:33,588 INFO 48269 [egg-schedule]: register schedule /Users/lingyun/Work/design-platform/node_modules/egg-multipart/app/schedule/clean_tmpdir.js
2020-07-28 21:44:33,588 INFO 48269 [egg-schedule]: register schedule /Users/lingyun/Work/design-platform/node_modules/egg-logrotator/app/schedule/clean_log.js
2020-07-28 21:44:33,588 INFO 48269 [egg-schedule]: register schedule /Users/lingyun/Work/design-platform/node_modules/egg-logrotator/app/schedule/rotate_by_file.js
2020-07-28 21:44:36,530 INFO 48281 [egg-schedule]: register schedule /Users/lingyun/Work/design-platform/node_modules/egg-multipart/app/schedule/clean_tmpdir.js
2020-07-28 21:44:36,530 INFO 48281 [egg-schedule]: register schedule /Users/lingyun/Work/design-platform/node_modules/egg-logrotator/app/schedule/clean_log.js
2020-07-28 21:44:36,530 INFO 48281 [egg-schedule]: register schedule /Users/lingyun/Work/design-platform/node_modules/egg-logrotator/app/schedule/rotate_by_file.js
2020-07-28 21:44:37,716 INFO 48284 [egg-schedule]: register schedule /Users/lingyun/Work/design-platform/node_modules/egg-multipart/app/schedule/clean_tmpdir.js
2020-07-28 21:44:37,716 INFO 48284 [egg-schedule]: register schedule /Users/lingyun/Work/design-platform/node_modules/egg-logrotator/app/schedule/clean_log.js
2020-07-28 21:44:37,716 INFO 48284 [egg-schedule]: register schedule /Users/lingyun/Work/design-platform/node_modules/egg-logrotator/app/schedule/rotate_by_file.js
2020-07-28 21:44:46,996 INFO 48302 [egg-schedule]: register schedule /Users/lingyun/Work/design-platform/node_modules/egg-multipart/app/schedule/clean_tmpdir.js
2020-07-28 21:44:46,996 INFO 48302 [egg-schedule]: register schedule /Users/lingyun/Work/design-platform/node_modules/egg-logrotator/app/schedule/clean_log.js
2020-07-28 21:44:46,996 INFO 48302 [egg-schedule]: register schedule /Users/lingyun/Work/design-platform/node_modules/egg-logrotator/app/schedule/rotate_by_file.js
2020-07-28 21:44:50,733 INFO 48313 [egg-schedule]: register schedule /Users/lingyun/Work/design-platform/node_modules/egg-multipart/app/schedule/clean_tmpdir.js
2020-07-28 21:44:50,733 INFO 48313 [egg-schedule]: register schedule /Users/lingyun/Work/design-platform/node_modules/egg-logrotator/app/schedule/clean_log.js
2020-07-28 21:44:50,733 INFO 48313 [egg-schedule]: register schedule /Users/lingyun/Work/design-platform/node_modules/egg-logrotator/app/schedule/rotate_by_file.js
2020-07-28 21:45:03,559 INFO 48339 [egg-schedule]: register schedule /Users/lingyun/Work/design-platform/node_modules/egg-multipart/app/schedule/clean_tmpdir.js
2020-07-28 21:45:03,559 INFO 48339 [egg-schedule]: register schedule /Users/lingyun/Work/design-platform/node_modules/egg-logrotator/app/schedule/clean_log.js
2020-07-28 21:45:03,559 INFO 48339 [egg-schedule]: register schedule /Users/lingyun/Work/design-platform/node_modules/egg-logrotator/app/schedule/rotate_by_file.js
2020-07-28 21:45:05,290 INFO 48348 [egg-schedule]: register schedule /Users/lingyun/Work/design-platform/node_modules/egg-multipart/app/schedule/clean_tmpdir.js
2020-07-28 21:45:05,290 INFO 48348 [egg-schedule]: register schedule /Users/lingyun/Work/design-platform/node_modules/egg-logrotator/app/schedule/clean_log.js
2020-07-28 21:45:05,291 INFO 48348 [egg-schedule]: register schedule /Users/lingyun/Work/design-platform/node_modules/egg-logrotator/app/schedule/rotate_by_file.js
2020-07-28 21:45:05,920 INFO 48349 [egg-schedule]: register schedule /Users/lingyun/Work/design-platform/node_modules/egg-multipart/app/schedule/clean_tmpdir.js
2020-07-28 21:45:05,920 INFO 48349 [egg-schedule]: register schedule /Users/lingyun/Work/design-platform/node_modules/egg-logrotator/app/schedule/clean_log.js
2020-07-28 21:45:05,920 INFO 48349 [egg-schedule]: register schedule /Users/lingyun/Work/design-platform/node_modules/egg-logrotator/app/schedule/rotate_by_file.js
2020-07-28 21:45:11,825 INFO 48369 [egg-schedule]: register schedule /Users/lingyun/Work/design-platform/node_modules/egg-multipart/app/schedule/clean_tmpdir.js
2020-07-28 21:45:11,825 INFO 48369 [egg-schedule]: register schedule /Users/lingyun/Work/design-platform/node_modules/egg-logrotator/app/schedule/clean_log.js
2020-07-28 21:45:11,825 INFO 48369 [egg-schedule]: register schedule /Users/lingyun/Work/design-platform/node_modules/egg-logrotator/app/schedule/rotate_by_file.js
2020-07-28 21:45:12,705 INFO 48373 [egg-schedule]: register schedule /Users/lingyun/Work/design-platform/node_modules/egg-multipart/app/schedule/clean_tmpdir.js
2020-07-28 21:45:12,705 INFO 48373 [egg-schedule]: register schedule /Users/lingyun/Work/design-platform/node_modules/egg-logrotator/app/schedule/clean_log.js
2020-07-28 21:45:12,705 INFO 48373 [egg-schedule]: register schedule /Users/lingyun/Work/design-platform/node_modules/egg-logrotator/app/schedule/rotate_by_file.js
2020-07-28 21:45:21,365 INFO 48395 [egg-schedule]: register schedule /Users/lingyun/Work/design-platform/node_modules/egg-multipart/app/schedule/clean_tmpdir.js
2020-07-28 21:45:21,365 INFO 48395 [egg-schedule]: register schedule /Users/lingyun/Work/design-platform/node_modules/egg-logrotator/app/schedule/clean_log.js
2020-07-28 21:45:21,365 INFO 48395 [egg-schedule]: register schedule /Users/lingyun/Work/design-platform/node_modules/egg-logrotator/app/schedule/rotate_by_file.js
2020-07-28 21:45:34,311 INFO 48416 [egg-schedule]: register schedule /Users/lingyun/Work/design-platform/node_modules/egg-multipart/app/schedule/clean_tmpdir.js
2020-07-28 21:45:34,312 INFO 48416 [egg-schedule]: register schedule /Users/lingyun/Work/design-platform/node_modules/egg-logrotator/app/schedule/clean_log.js
2020-07-28 21:45:34,312 INFO 48416 [egg-schedule]: register schedule /Users/lingyun/Work/design-platform/node_modules/egg-logrotator/app/schedule/rotate_by_file.js
2020-07-28 21:45:35,637 INFO 48417 [egg-schedule]: register schedule /Users/lingyun/Work/design-platform/node_modules/egg-multipart/app/schedule/clean_tmpdir.js
2020-07-28 21:45:35,637 INFO 48417 [egg-schedule]: register schedule /Users/lingyun/Work/design-platform/node_modules/egg-logrotator/app/schedule/clean_log.js
2020-07-28 21:45:35,637 INFO 48417 [egg-schedule]: register schedule /Users/lingyun/Work/design-platform/node_modules/egg-logrotator/app/schedule/rotate_by_file.js
2020-07-28 21:45:43,138 INFO 48418 [egg-schedule]: register schedule /Users/lingyun/Work/design-platform/node_modules/egg-multipart/app/schedule/clean_tmpdir.js
2020-07-28 21:45:43,138 INFO 48418 [egg-schedule]: register schedule /Users/lingyun/Work/design-platform/node_modules/egg-logrotator/app/schedule/clean_log.js
2020-07-28 21:45:43,138 INFO 48418 [egg-schedule]: register schedule /Users/lingyun/Work/design-platform/node_modules/egg-logrotator/app/schedule/rotate_by_file.js
2020-07-28 21:45:44,011 INFO 48420 [egg-schedule]: register schedule /Users/lingyun/Work/design-platform/node_modules/egg-multipart/app/schedule/clean_tmpdir.js
2020-07-28 21:45:44,011 INFO 48420 [egg-schedule]: register schedule /Users/lingyun/Work/design-platform/node_modules/egg-logrotator/app/schedule/clean_log.js
2020-07-28 21:45:44,011 INFO 48420 [egg-schedule]: register schedule /Users/lingyun/Work/design-platform/node_modules/egg-logrotator/app/schedule/rotate_by_file.js
2020-07-28 21:45:47,531 INFO 48421 [egg-schedule]: register schedule /Users/lingyun/Work/design-platform/node_modules/egg-multipart/app/schedule/clean_tmpdir.js
2020-07-28 21:45:47,531 INFO 48421 [egg-schedule]: register schedule /Users/lingyun/Work/design-platform/node_modules/egg-logrotator/app/schedule/clean_log.js
2020-07-28 21:45:47,531 INFO 48421 [egg-schedule]: register schedule /Users/lingyun/Work/design-platform/node_modules/egg-logrotator/app/schedule/rotate_by_file.js
